2025-01-02 22:20:54,309 : org.api.emailverfication.EmailVerficationApplication : INFO --> Starting EmailVerficationApplication using Java 23.0.1 with PID 6856 (D:\Github_projects\EmailVerfication\target\classes started by yogeshjoga in D:\Github_projects\EmailVerfication) : logStarting : 
2025-01-02 22:20:54,311 : org.api.emailverfication.EmailVerficationApplication : INFO --> No active profile set, falling back to 1 default profile: "default" : logStartupProfileInfo : 
2025-01-02 22:20:54,342 : org.springframework.boot.devtools.env.DevToolsPropertyDefaultsPostProcessor : INFO --> Devtools property defaults active! Set 'spring.devtools.add-properties' to 'false' to disable : logTo : 
2025-01-02 22:20:54,343 : org.springframework.boot.devtools.env.DevToolsPropertyDefaultsPostProcessor : INFO --> For additional web related logging consider setting the 'logging.level.web' property to 'DEBUG' : logTo : 
2025-01-02 22:20:54,798 : org.springframework.data.repository.config.RepositoryConfigurationDelegate : INFO --> Bootstrapping Spring Data JPA repositories in DEFAULT mode. : registerRepositoriesIn : 
2025-01-02 22:20:54,832 : org.springframework.data.repository.config.RepositoryConfigurationDelegate : INFO --> Finished Spring Data repository scanning in 30 ms. Found 2 JPA repository interfaces. : registerRepositoriesIn : 
2025-01-02 22:20:55,110 : org.springframework.boot.web.embedded.tomcat.TomcatWebServer : INFO --> Tomcat initialized with port 8080 (http) : initialize : 
2025-01-02 22:20:55,118 : org.apache.catalina.core.StandardService : INFO --> Starting service [Tomcat] : log : 
2025-01-02 22:20:55,119 : org.apache.catalina.core.StandardEngine : INFO --> Starting Servlet engine: [Apache Tomcat/10.1.33] : log : 
2025-01-02 22:20:55,147 : org.apache.catalina.core.ContainerBase.[Tomcat].[localhost].[/] : INFO --> Initializing Spring embedded WebApplicationContext : log : 
2025-01-02 22:20:55,147 : org.springframework.boot.web.servlet.context.ServletWebServerApplicationContext : INFO --> Root WebApplicationContext: initialization completed in 804 ms : prepareWebApplicationContext : 
2025-01-02 22:20:55,231 : org.hibernate.jpa.internal.util.LogHelper : INFO --> HHH000204: Processing PersistenceUnitInfo [name: default] : logPersistenceUnitInformation : 
2025-01-02 22:20:55,269 : org.hibernate.Version : INFO --> HHH000412: Hibernate ORM core version 6.6.2.Final : logVersion : 
2025-01-02 22:20:55,292 : org.hibernate.cache.internal.RegionFactoryInitiator : INFO --> HHH000026: Second-level cache disabled : initiateService : 
2025-01-02 22:20:55,474 : org.springframework.orm.jpa.persistenceunit.SpringPersistenceUnitInfo : INFO --> No LoadTimeWeaver setup: ignoring JPA class transformer : addTransformer : 
2025-01-02 22:20:55,494 : com.zaxxer.hikari.HikariDataSource : INFO --> HikariPool-1 - Starting... : getConnection : 
2025-01-02 22:20:55,754 : com.zaxxer.hikari.pool.HikariPool : INFO --> HikariPool-1 - Added connection com.mysql.cj.jdbc.ConnectionImpl@22deefbb : checkFailFast : 
2025-01-02 22:20:55,755 : com.zaxxer.hikari.HikariDataSource : INFO --> HikariPool-1 - Start completed. : getConnection : 
2025-01-02 22:20:55,801 : org.hibernate.orm.connections.pooling : INFO --> HHH10001005: Database info:
	Database JDBC URL [Connecting through datasource 'HikariDataSource (HikariPool-1)']
	Database driver: undefined/unknown
	Database version: 8.0.40
	Autocommit mode: undefined/unknown
	Isolation level: undefined/unknown
	Minimum pool size: undefined/unknown
	Maximum pool size: undefined/unknown : initiateService : 
2025-01-02 22:20:56,240 : org.hibernate.engine.transaction.jta.platform.internal.JtaPlatformInitiator : INFO --> HHH000489: No JTA platform available (set 'hibernate.transaction.jta.platform' to enable JTA platform integration) : initiateService : 
2025-01-02 22:20:56,274 : org.springframework.orm.jpa.LocalContainerEntityManagerFactoryBean : INFO --> Initialized JPA EntityManagerFactory for persistence unit 'default' : buildNativeEntityManagerFactory : 
2025-01-02 22:20:56,421 : org.springframework.data.jpa.repository.query.QueryEnhancerFactory : INFO --> Hibernate is in classpath; If applicable, HQL parser will be used. : <clinit> : 
2025-01-02 22:20:56,667 : org.api.emailverfication.config.MailConfig : INFO --> ------------------------ Creating JavaMailSender --------------------------------- : getJavaMailSender : 
2025-01-02 22:20:56,672 : org.api.emailverfication.config.MailConfig : INFO --> ------------------------ Creating mail sender properties  --------------------------------- : getJavaMailSender : 
2025-01-02 22:20:56,786 : org.springframework.boot.autoconfigure.orm.jpa.JpaBaseConfiguration$JpaWebConfiguration : WARN --> spring.jpa.open-in-view is enabled by default. Therefore, database queries may be performed during view rendering. Explicitly configure spring.jpa.open-in-view to disable this warning : openEntityManagerInViewInterceptor : 
2025-01-02 22:20:57,006 : org.springframework.boot.devtools.autoconfigure.OptionalLiveReloadServer : INFO --> LiveReload server is running on port 35729 : startServer : 
2025-01-02 22:20:57,025 : org.springframework.boot.web.embedded.tomcat.TomcatWebServer : INFO --> Tomcat started on port 8080 (http) with context path '/' : start : 
2025-01-02 22:20:57,028 : org.api.emailverfication.EmailVerficationApplication : INFO --> Started EmailVerficationApplication in 2.968 seconds (process running for 3.384) : logStarted : 
2025-01-02 22:21:29,037 : org.apache.catalina.core.ContainerBase.[Tomcat].[localhost].[/] : INFO --> Initializing Spring DispatcherServlet 'dispatcherServlet' : log : 
2025-01-02 22:21:29,037 : org.springframework.web.servlet.DispatcherServlet : INFO --> Initializing Servlet 'dispatcherServlet' : initServletBean : 
2025-01-02 22:21:29,038 : org.springframework.web.servlet.DispatcherServlet : INFO --> Completed initialization in 1 ms : initServletBean : 
2025-01-02 22:22:25,864 : org.springframework.boot.devtools.autoconfigure.LocalDevToolsAutoConfiguration$RestartingClassPathChangeChangedEventListener : INFO --> Restarting due to 1 class path change (0 additions, 0 deletions, 1 modification) : onApplicationEvent : 
2025-01-02 22:22:25,866 : org.springframework.boot.web.embedded.tomcat.GracefulShutdown : INFO --> Commencing graceful shutdown. Waiting for active requests to complete : shutDownGracefully : 
2025-01-02 22:22:25,870 : org.springframework.boot.web.embedded.tomcat.GracefulShutdown : INFO --> Graceful shutdown complete : doShutdown : 
2025-01-02 22:22:25,872 : org.springframework.orm.jpa.LocalContainerEntityManagerFactoryBean : INFO --> Closing JPA EntityManagerFactory for persistence unit 'default' : destroy : 
2025-01-02 22:22:25,874 : com.zaxxer.hikari.HikariDataSource : INFO --> HikariPool-1 - Shutdown initiated... : close : 
2025-01-02 22:22:25,877 : com.zaxxer.hikari.HikariDataSource : INFO --> HikariPool-1 - Shutdown completed. : close : 
2025-01-02 22:22:25,927 : org.api.emailverfication.EmailVerficationApplication : INFO --> Starting EmailVerficationApplication using Java 23.0.1 with PID 6856 (D:\Github_projects\EmailVerfication\target\classes started by yogeshjoga in D:\Github_projects\EmailVerfication) : logStarting : 
2025-01-02 22:22:25,928 : org.api.emailverfication.EmailVerficationApplication : INFO --> No active profile set, falling back to 1 default profile: "default" : logStartupProfileInfo : 
2025-01-02 22:22:26,025 : org.springframework.data.repository.config.RepositoryConfigurationDelegate : INFO --> Bootstrapping Spring Data JPA repositories in DEFAULT mode. : registerRepositoriesIn : 
2025-01-02 22:22:26,032 : org.springframework.data.repository.config.RepositoryConfigurationDelegate : INFO --> Finished Spring Data repository scanning in 6 ms. Found 2 JPA repository interfaces. : registerRepositoriesIn : 
2025-01-02 22:22:26,083 : org.springframework.boot.web.embedded.tomcat.TomcatWebServer : INFO --> Tomcat initialized with port 8080 (http) : initialize : 
2025-01-02 22:22:26,084 : org.apache.catalina.core.StandardService : INFO --> Starting service [Tomcat] : log : 
2025-01-02 22:22:26,085 : org.apache.catalina.core.StandardEngine : INFO --> Starting Servlet engine: [Apache Tomcat/10.1.33] : log : 
2025-01-02 22:22:26,093 : org.apache.catalina.core.ContainerBase.[Tomcat].[localhost].[/] : INFO --> Initializing Spring embedded WebApplicationContext : log : 
2025-01-02 22:22:26,093 : org.springframework.boot.web.servlet.context.ServletWebServerApplicationContext : INFO --> Root WebApplicationContext: initialization completed in 165 ms : prepareWebApplicationContext : 
2025-01-02 22:22:26,113 : org.hibernate.jpa.internal.util.LogHelper : INFO --> HHH000204: Processing PersistenceUnitInfo [name: default] : logPersistenceUnitInformation : 
2025-01-02 22:22:26,114 : org.hibernate.cache.internal.RegionFactoryInitiator : INFO --> HHH000026: Second-level cache disabled : initiateService : 
2025-01-02 22:22:26,117 : org.springframework.orm.jpa.persistenceunit.SpringPersistenceUnitInfo : INFO --> No LoadTimeWeaver setup: ignoring JPA class transformer : addTransformer : 
2025-01-02 22:22:26,118 : com.zaxxer.hikari.HikariDataSource : INFO --> HikariPool-2 - Starting... : getConnection : 
2025-01-02 22:22:26,127 : com.zaxxer.hikari.pool.HikariPool : INFO --> HikariPool-2 - Added connection com.mysql.cj.jdbc.ConnectionImpl@190b855e : checkFailFast : 
2025-01-02 22:22:26,128 : com.zaxxer.hikari.HikariDataSource : INFO --> HikariPool-2 - Start completed. : getConnection : 
2025-01-02 22:22:26,129 : org.hibernate.orm.connections.pooling : INFO --> HHH10001005: Database info:
	Database JDBC URL [Connecting through datasource 'HikariDataSource (HikariPool-2)']
	Database driver: undefined/unknown
	Database version: 8.0.40
	Autocommit mode: undefined/unknown
	Isolation level: undefined/unknown
	Minimum pool size: undefined/unknown
	Maximum pool size: undefined/unknown : initiateService : 
2025-01-02 22:22:26,151 : org.hibernate.engine.transaction.jta.platform.internal.JtaPlatformInitiator : INFO --> HHH000489: No JTA platform available (set 'hibernate.transaction.jta.platform' to enable JTA platform integration) : initiateService : 
2025-01-02 22:22:26,155 : org.springframework.orm.jpa.LocalContainerEntityManagerFactoryBean : INFO --> Initialized JPA EntityManagerFactory for persistence unit 'default' : buildNativeEntityManagerFactory : 
2025-01-02 22:22:26,180 : org.api.emailverfication.config.MailConfig : INFO --> ------------------------ Creating JavaMailSender --------------------------------- : getJavaMailSender : 
2025-01-02 22:22:26,182 : org.api.emailverfication.config.MailConfig : INFO --> ------------------------ Creating mail sender properties  --------------------------------- : getJavaMailSender : 
2025-01-02 22:22:26,209 : org.springframework.boot.autoconfigure.orm.jpa.JpaBaseConfiguration$JpaWebConfiguration : WARN --> spring.jpa.open-in-view is enabled by default. Therefore, database queries may be performed during view rendering. Explicitly configure spring.jpa.open-in-view to disable this warning : openEntityManagerInViewInterceptor : 
2025-01-02 22:22:26,274 : org.springframework.boot.devtools.autoconfigure.OptionalLiveReloadServer : INFO --> LiveReload server is running on port 35729 : startServer : 
2025-01-02 22:22:26,282 : org.springframework.boot.web.embedded.tomcat.TomcatWebServer : INFO --> Tomcat started on port 8080 (http) with context path '/' : start : 
2025-01-02 22:22:26,285 : org.api.emailverfication.EmailVerficationApplication : INFO --> Started EmailVerficationApplication in 0.37 seconds (process running for 92.64) : logStarted : 
2025-01-02 22:22:26,286 : org.springframework.boot.devtools.autoconfigure.ConditionEvaluationDeltaLoggingListener : INFO --> Condition evaluation unchanged : onApplicationEvent : 
2025-01-02 22:36:34,054 : org.springframework.boot.devtools.autoconfigure.LocalDevToolsAutoConfiguration$RestartingClassPathChangeChangedEventListener : INFO --> Restarting due to 2 class path changes (2 additions, 0 deletions, 0 modifications) : onApplicationEvent : 
2025-01-02 22:36:34,056 : org.springframework.boot.web.embedded.tomcat.GracefulShutdown : INFO --> Commencing graceful shutdown. Waiting for active requests to complete : shutDownGracefully : 
2025-01-02 22:36:34,060 : org.springframework.boot.web.embedded.tomcat.GracefulShutdown : INFO --> Graceful shutdown complete : doShutdown : 
2025-01-02 22:36:34,060 : org.springframework.orm.jpa.LocalContainerEntityManagerFactoryBean : INFO --> Closing JPA EntityManagerFactory for persistence unit 'default' : destroy : 
2025-01-02 22:36:34,062 : com.zaxxer.hikari.HikariDataSource : INFO --> HikariPool-2 - Shutdown initiated... : close : 
2025-01-02 22:36:34,064 : com.zaxxer.hikari.HikariDataSource : INFO --> HikariPool-2 - Shutdown completed. : close : 
2025-01-02 22:36:34,118 : org.api.emailverfication.EmailVerficationApplication : INFO --> Starting EmailVerficationApplication using Java 23.0.1 with PID 6856 (D:\Github_projects\EmailVerfication\target\classes started by yogeshjoga in D:\Github_projects\EmailVerfication) : logStarting : 
2025-01-02 22:36:34,119 : org.api.emailverfication.EmailVerficationApplication : INFO --> No active profile set, falling back to 1 default profile: "default" : logStartupProfileInfo : 
2025-01-02 22:36:34,202 : org.springframework.data.repository.config.RepositoryConfigurationDelegate : INFO --> Bootstrapping Spring Data JPA repositories in DEFAULT mode. : registerRepositoriesIn : 
2025-01-02 22:36:34,209 : org.springframework.data.repository.config.RepositoryConfigurationDelegate : INFO --> Finished Spring Data repository scanning in 5 ms. Found 2 JPA repository interfaces. : registerRepositoriesIn : 
2025-01-02 22:36:34,255 : org.springframework.boot.web.embedded.tomcat.TomcatWebServer : INFO --> Tomcat initialized with port 8080 (http) : initialize : 
2025-01-02 22:36:34,256 : org.apache.catalina.core.StandardService : INFO --> Starting service [Tomcat] : log : 
2025-01-02 22:36:34,256 : org.apache.catalina.core.StandardEngine : INFO --> Starting Servlet engine: [Apache Tomcat/10.1.33] : log : 
2025-01-02 22:36:34,265 : org.apache.catalina.core.ContainerBase.[Tomcat].[localhost].[/] : INFO --> Initializing Spring embedded WebApplicationContext : log : 
2025-01-02 22:36:34,265 : org.springframework.boot.web.servlet.context.ServletWebServerApplicationContext : INFO --> Root WebApplicationContext: initialization completed in 145 ms : prepareWebApplicationContext : 
2025-01-02 22:36:34,283 : org.hibernate.jpa.internal.util.LogHelper : INFO --> HHH000204: Processing PersistenceUnitInfo [name: default] : logPersistenceUnitInformation : 
2025-01-02 22:36:34,284 : org.hibernate.cache.internal.RegionFactoryInitiator : INFO --> HHH000026: Second-level cache disabled : initiateService : 
2025-01-02 22:36:34,288 : org.springframework.orm.jpa.persistenceunit.SpringPersistenceUnitInfo : INFO --> No LoadTimeWeaver setup: ignoring JPA class transformer : addTransformer : 
2025-01-02 22:36:34,288 : com.zaxxer.hikari.HikariDataSource : INFO --> HikariPool-3 - Starting... : getConnection : 
2025-01-02 22:36:34,296 : com.zaxxer.hikari.pool.HikariPool : INFO --> HikariPool-3 - Added connection com.mysql.cj.jdbc.ConnectionImpl@5403dbc8 : checkFailFast : 
2025-01-02 22:36:34,296 : com.zaxxer.hikari.HikariDataSource : INFO --> HikariPool-3 - Start completed. : getConnection : 
2025-01-02 22:36:34,297 : org.hibernate.orm.connections.pooling : INFO --> HHH10001005: Database info:
	Database JDBC URL [Connecting through datasource 'HikariDataSource (HikariPool-3)']
	Database driver: undefined/unknown
	Database version: 8.0.40
	Autocommit mode: undefined/unknown
	Isolation level: undefined/unknown
	Minimum pool size: undefined/unknown
	Maximum pool size: undefined/unknown : initiateService : 
2025-01-02 22:36:34,319 : org.hibernate.engine.transaction.jta.platform.internal.JtaPlatformInitiator : INFO --> HHH000489: No JTA platform available (set 'hibernate.transaction.jta.platform' to enable JTA platform integration) : initiateService : 
2025-01-02 22:36:34,323 : org.springframework.orm.jpa.LocalContainerEntityManagerFactoryBean : INFO --> Initialized JPA EntityManagerFactory for persistence unit 'default' : buildNativeEntityManagerFactory : 
2025-01-02 22:36:34,346 : org.api.emailverfication.config.MailConfig : INFO --> ------------------------ Creating JavaMailSender --------------------------------- : getJavaMailSender : 
2025-01-02 22:36:34,348 : org.api.emailverfication.config.MailConfig : INFO --> ------------------------ Creating mail sender properties  --------------------------------- : getJavaMailSender : 
2025-01-02 22:36:34,372 : org.springframework.boot.autoconfigure.orm.jpa.JpaBaseConfiguration$JpaWebConfiguration : WARN --> spring.jpa.open-in-view is enabled by default. Therefore, database queries may be performed during view rendering. Explicitly configure spring.jpa.open-in-view to disable this warning : openEntityManagerInViewInterceptor : 
2025-01-02 22:36:34,431 : org.springframework.boot.devtools.autoconfigure.OptionalLiveReloadServer : INFO --> LiveReload server is running on port 35729 : startServer : 
2025-01-02 22:36:34,439 : org.springframework.boot.web.embedded.tomcat.TomcatWebServer : INFO --> Tomcat started on port 8080 (http) with context path '/' : start : 
2025-01-02 22:36:34,440 : org.api.emailverfication.EmailVerficationApplication : INFO --> Started EmailVerficationApplication in 0.337 seconds (process running for 940.796) : logStarted : 
2025-01-02 22:36:34,441 : org.springframework.boot.devtools.autoconfigure.ConditionEvaluationDeltaLoggingListener : INFO --> Condition evaluation unchanged : onApplicationEvent : 
2025-01-02 22:38:19,618 : org.springframework.boot.devtools.autoconfigure.LocalDevToolsAutoConfiguration$RestartingClassPathChangeChangedEventListener : INFO --> Restarting due to 1 class path change (0 additions, 0 deletions, 1 modification) : onApplicationEvent : 
2025-01-02 22:38:19,620 : org.springframework.boot.web.embedded.tomcat.GracefulShutdown : INFO --> Commencing graceful shutdown. Waiting for active requests to complete : shutDownGracefully : 
2025-01-02 22:38:19,625 : org.springframework.boot.web.embedded.tomcat.GracefulShutdown : INFO --> Graceful shutdown complete : doShutdown : 
2025-01-02 22:38:19,626 : org.springframework.orm.jpa.LocalContainerEntityManagerFactoryBean : INFO --> Closing JPA EntityManagerFactory for persistence unit 'default' : destroy : 
2025-01-02 22:38:19,626 : com.zaxxer.hikari.HikariDataSource : INFO --> HikariPool-3 - Shutdown initiated... : close : 
2025-01-02 22:38:19,628 : com.zaxxer.hikari.HikariDataSource : INFO --> HikariPool-3 - Shutdown completed. : close : 
2025-01-02 22:38:19,672 : org.api.emailverfication.EmailVerficationApplication : INFO --> Starting EmailVerficationApplication using Java 23.0.1 with PID 6856 (D:\Github_projects\EmailVerfication\target\classes started by yogeshjoga in D:\Github_projects\EmailVerfication) : logStarting : 
2025-01-02 22:38:19,672 : org.api.emailverfication.EmailVerficationApplication : INFO --> No active profile set, falling back to 1 default profile: "default" : logStartupProfileInfo : 
2025-01-02 22:38:19,753 : org.springframework.data.repository.config.RepositoryConfigurationDelegate : INFO --> Bootstrapping Spring Data JPA repositories in DEFAULT mode. : registerRepositoriesIn : 
2025-01-02 22:38:19,758 : org.springframework.data.repository.config.RepositoryConfigurationDelegate : INFO --> Finished Spring Data repository scanning in 5 ms. Found 2 JPA repository interfaces. : registerRepositoriesIn : 
2025-01-02 22:38:19,799 : org.springframework.boot.web.embedded.tomcat.TomcatWebServer : INFO --> Tomcat initialized with port 8080 (http) : initialize : 
2025-01-02 22:38:19,800 : org.apache.catalina.core.StandardService : INFO --> Starting service [Tomcat] : log : 
2025-01-02 22:38:19,800 : org.apache.catalina.core.StandardEngine : INFO --> Starting Servlet engine: [Apache Tomcat/10.1.33] : log : 
2025-01-02 22:38:19,808 : org.apache.catalina.core.ContainerBase.[Tomcat].[localhost].[/] : INFO --> Initializing Spring embedded WebApplicationContext : log : 
2025-01-02 22:38:19,808 : org.springframework.boot.web.servlet.context.ServletWebServerApplicationContext : INFO --> Root WebApplicationContext: initialization completed in 135 ms : prepareWebApplicationContext : 
2025-01-02 22:38:19,822 : org.hibernate.jpa.internal.util.LogHelper : INFO --> HHH000204: Processing PersistenceUnitInfo [name: default] : logPersistenceUnitInformation : 
2025-01-02 22:38:19,823 : org.hibernate.cache.internal.RegionFactoryInitiator : INFO --> HHH000026: Second-level cache disabled : initiateService : 
2025-01-02 22:38:19,827 : org.springframework.orm.jpa.persistenceunit.SpringPersistenceUnitInfo : INFO --> No LoadTimeWeaver setup: ignoring JPA class transformer : addTransformer : 
2025-01-02 22:38:19,827 : com.zaxxer.hikari.HikariDataSource : INFO --> HikariPool-4 - Starting... : getConnection : 
2025-01-02 22:38:19,835 : com.zaxxer.hikari.pool.HikariPool : INFO --> HikariPool-4 - Added connection com.mysql.cj.jdbc.ConnectionImpl@332a95d8 : checkFailFast : 
2025-01-02 22:38:19,836 : com.zaxxer.hikari.HikariDataSource : INFO --> HikariPool-4 - Start completed. : getConnection : 
2025-01-02 22:38:19,836 : org.hibernate.orm.connections.pooling : INFO --> HHH10001005: Database info:
	Database JDBC URL [Connecting through datasource 'HikariDataSource (HikariPool-4)']
	Database driver: undefined/unknown
	Database version: 8.0.40
	Autocommit mode: undefined/unknown
	Isolation level: undefined/unknown
	Minimum pool size: undefined/unknown
	Maximum pool size: undefined/unknown : initiateService : 
2025-01-02 22:38:19,857 : org.hibernate.engine.transaction.jta.platform.internal.JtaPlatformInitiator : INFO --> HHH000489: No JTA platform available (set 'hibernate.transaction.jta.platform' to enable JTA platform integration) : initiateService : 
2025-01-02 22:38:19,861 : org.springframework.orm.jpa.LocalContainerEntityManagerFactoryBean : INFO --> Initialized JPA EntityManagerFactory for persistence unit 'default' : buildNativeEntityManagerFactory : 
2025-01-02 22:38:19,881 : org.api.emailverfication.config.MailConfig : INFO --> ------------------------ Creating JavaMailSender --------------------------------- : getJavaMailSender : 
2025-01-02 22:38:19,882 : org.api.emailverfication.config.MailConfig : INFO --> ------------------------ Creating mail sender properties  --------------------------------- : getJavaMailSender : 
2025-01-02 22:38:19,903 : org.springframework.boot.autoconfigure.orm.jpa.JpaBaseConfiguration$JpaWebConfiguration : WARN --> spring.jpa.open-in-view is enabled by default. Therefore, database queries may be performed during view rendering. Explicitly configure spring.jpa.open-in-view to disable this warning : openEntityManagerInViewInterceptor : 
2025-01-02 22:38:19,942 : org.springframework.boot.devtools.autoconfigure.OptionalLiveReloadServer : INFO --> LiveReload server is running on port 35729 : startServer : 
2025-01-02 22:38:19,948 : org.springframework.boot.web.embedded.tomcat.TomcatWebServer : INFO --> Tomcat started on port 8080 (http) with context path '/' : start : 
2025-01-02 22:38:19,949 : org.api.emailverfication.EmailVerficationApplication : INFO --> Started EmailVerficationApplication in 0.287 seconds (process running for 1046.305) : logStarted : 
2025-01-02 22:38:19,950 : org.springframework.boot.devtools.autoconfigure.ConditionEvaluationDeltaLoggingListener : INFO --> Condition evaluation unchanged : onApplicationEvent : 
2025-01-02 22:38:20,758 : org.apache.catalina.core.ContainerBase.[Tomcat].[localhost].[/] : INFO --> Initializing Spring DispatcherServlet 'dispatcherServlet' : log : 
2025-01-02 22:38:20,758 : org.springframework.web.servlet.DispatcherServlet : INFO --> Initializing Servlet 'dispatcherServlet' : initServletBean : 
2025-01-02 22:38:20,758 : org.springframework.web.servlet.DispatcherServlet : INFO --> Completed initialization in 0 ms : initServletBean : 
2025-01-02 22:43:28,228 : org.springdoc.api.AbstractOpenApiResource : INFO --> Init duration for springdoc-openapi is: 185 ms : getOpenApi : 
2025-01-02 23:00:59,103 : org.springframework.web.servlet.mvc.support.DefaultHandlerExceptionResolver : WARN --> Resolved [org.springframework.web.HttpRequestMethodNotSupportedException: Request method 'POST' is not supported] : logException : 
2025-01-02 23:06:09,777 : org.springframework.boot.web.embedded.tomcat.GracefulShutdown : INFO --> Commencing graceful shutdown. Waiting for active requests to complete : shutDownGracefully : 
2025-01-02 23:06:09,780 : org.springframework.boot.web.embedded.tomcat.GracefulShutdown : INFO --> Graceful shutdown complete : doShutdown : 
2025-01-02 23:06:09,782 : org.springframework.orm.jpa.LocalContainerEntityManagerFactoryBean : INFO --> Closing JPA EntityManagerFactory for persistence unit 'default' : destroy : 
2025-01-02 23:06:09,782 : com.zaxxer.hikari.HikariDataSource : INFO --> HikariPool-4 - Shutdown initiated... : close : 
2025-01-02 23:06:09,784 : com.zaxxer.hikari.HikariDataSource : INFO --> HikariPool-4 - Shutdown completed. : close : 
2025-01-02 23:06:11,930 : org.api.emailverfication.EmailVerficationApplication : INFO --> Starting EmailVerficationApplication using Java 23.0.1 with PID 28268 (D:\Github_projects\EmailVerfication\target\classes started by yogeshjoga in D:\Github_projects\EmailVerfication) : logStarting : 
2025-01-02 23:06:11,931 : org.api.emailverfication.EmailVerficationApplication : INFO --> No active profile set, falling back to 1 default profile: "default" : logStartupProfileInfo : 
2025-01-02 23:06:11,957 : org.springframework.boot.devtools.env.DevToolsPropertyDefaultsPostProcessor : INFO --> Devtools property defaults active! Set 'spring.devtools.add-properties' to 'false' to disable : logTo : 
2025-01-02 23:06:11,958 : org.springframework.boot.devtools.env.DevToolsPropertyDefaultsPostProcessor : INFO --> For additional web related logging consider setting the 'logging.level.web' property to 'DEBUG' : logTo : 
2025-01-02 23:06:12,338 : org.springframework.data.repository.config.RepositoryConfigurationDelegate : INFO --> Bootstrapping Spring Data JPA repositories in DEFAULT mode. : registerRepositoriesIn : 
2025-01-02 23:06:12,366 : org.springframework.data.repository.config.RepositoryConfigurationDelegate : INFO --> Finished Spring Data repository scanning in 23 ms. Found 2 JPA repository interfaces. : registerRepositoriesIn : 
2025-01-02 23:06:12,601 : org.springframework.boot.web.embedded.tomcat.TomcatWebServer : INFO --> Tomcat initialized with port 8080 (http) : initialize : 
2025-01-02 23:06:12,608 : org.apache.catalina.core.StandardService : INFO --> Starting service [Tomcat] : log : 
2025-01-02 23:06:12,608 : org.apache.catalina.core.StandardEngine : INFO --> Starting Servlet engine: [Apache Tomcat/10.1.33] : log : 
2025-01-02 23:06:12,630 : org.apache.catalina.core.ContainerBase.[Tomcat].[localhost].[/] : INFO --> Initializing Spring embedded WebApplicationContext : log : 
2025-01-02 23:06:12,631 : org.springframework.boot.web.servlet.context.ServletWebServerApplicationContext : INFO --> Root WebApplicationContext: initialization completed in 673 ms : prepareWebApplicationContext : 
2025-01-02 23:06:12,694 : org.hibernate.jpa.internal.util.LogHelper : INFO --> HHH000204: Processing PersistenceUnitInfo [name: default] : logPersistenceUnitInformation : 
2025-01-02 23:06:12,718 : org.hibernate.Version : INFO --> HHH000412: Hibernate ORM core version 6.6.2.Final : logVersion : 
2025-01-02 23:06:12,733 : org.hibernate.cache.internal.RegionFactoryInitiator : INFO --> HHH000026: Second-level cache disabled : initiateService : 
2025-01-02 23:06:12,864 : org.springframework.orm.jpa.persistenceunit.SpringPersistenceUnitInfo : INFO --> No LoadTimeWeaver setup: ignoring JPA class transformer : addTransformer : 
2025-01-02 23:06:12,881 : com.zaxxer.hikari.HikariDataSource : INFO --> HikariPool-1 - Starting... : getConnection : 
2025-01-02 23:06:13,053 : com.zaxxer.hikari.pool.HikariPool : INFO --> HikariPool-1 - Added connection com.mysql.cj.jdbc.ConnectionImpl@54f67fc7 : checkFailFast : 
2025-01-02 23:06:13,054 : com.zaxxer.hikari.HikariDataSource : INFO --> HikariPool-1 - Start completed. : getConnection : 
2025-01-02 23:06:13,093 : org.hibernate.orm.connections.pooling : INFO --> HHH10001005: Database info:
	Database JDBC URL [Connecting through datasource 'HikariDataSource (HikariPool-1)']
	Database driver: undefined/unknown
	Database version: 8.0.40
	Autocommit mode: undefined/unknown
	Isolation level: undefined/unknown
	Minimum pool size: undefined/unknown
	Maximum pool size: undefined/unknown : initiateService : 
2025-01-02 23:06:13,493 : org.hibernate.engine.transaction.jta.platform.internal.JtaPlatformInitiator : INFO --> HHH000489: No JTA platform available (set 'hibernate.transaction.jta.platform' to enable JTA platform integration) : initiateService : 
2025-01-02 23:06:13,518 : org.springframework.orm.jpa.LocalContainerEntityManagerFactoryBean : INFO --> Initialized JPA EntityManagerFactory for persistence unit 'default' : buildNativeEntityManagerFactory : 
2025-01-02 23:06:13,641 : org.springframework.data.jpa.repository.query.QueryEnhancerFactory : INFO --> Hibernate is in classpath; If applicable, HQL parser will be used. : <clinit> : 
2025-01-02 23:06:13,858 : org.api.emailverfication.config.MailConfig : INFO --> ------------------------ Creating JavaMailSender --------------------------------- : getJavaMailSender : 
2025-01-02 23:06:13,864 : org.api.emailverfication.config.MailConfig : INFO --> ------------------------ Creating mail sender properties  --------------------------------- : getJavaMailSender : 
2025-01-02 23:06:13,970 : org.springframework.boot.autoconfigure.orm.jpa.JpaBaseConfiguration$JpaWebConfiguration : WARN --> spring.jpa.open-in-view is enabled by default. Therefore, database queries may be performed during view rendering. Explicitly configure spring.jpa.open-in-view to disable this warning : openEntityManagerInViewInterceptor : 
2025-01-02 23:06:14,176 : org.springframework.boot.devtools.autoconfigure.OptionalLiveReloadServer : INFO --> LiveReload server is running on port 35729 : startServer : 
2025-01-02 23:06:14,197 : org.springframework.boot.web.embedded.tomcat.TomcatWebServer : INFO --> Tomcat started on port 8080 (http) with context path '/' : start : 
2025-01-02 23:06:14,201 : org.api.emailverfication.EmailVerficationApplication : INFO --> Started EmailVerficationApplication in 2.46 seconds (process running for 2.792) : logStarted : 
2025-01-02 23:06:33,598 : org.apache.catalina.core.ContainerBase.[Tomcat].[localhost].[/] : INFO --> Initializing Spring DispatcherServlet 'dispatcherServlet' : log : 
2025-01-02 23:06:33,598 : org.springframework.web.servlet.DispatcherServlet : INFO --> Initializing Servlet 'dispatcherServlet' : initServletBean : 
2025-01-02 23:06:33,599 : org.springframework.web.servlet.DispatcherServlet : INFO --> Completed initialization in 1 ms : initServletBean : 
2025-01-02 23:09:14,989 : org.springdoc.api.AbstractOpenApiResource : INFO --> Init duration for springdoc-openapi is: 189 ms : getOpenApi : 
2025-01-02 23:12:32,917 : org.springframework.boot.web.embedded.tomcat.GracefulShutdown : INFO --> Commencing graceful shutdown. Waiting for active requests to complete : shutDownGracefully : 
2025-01-02 23:12:32,921 : org.springframework.boot.web.embedded.tomcat.GracefulShutdown : INFO --> Graceful shutdown complete : doShutdown : 
2025-01-02 23:12:32,923 : org.springframework.orm.jpa.LocalContainerEntityManagerFactoryBean : INFO --> Closing JPA EntityManagerFactory for persistence unit 'default' : destroy : 
2025-01-02 23:12:32,925 : com.zaxxer.hikari.HikariDataSource : INFO --> HikariPool-1 - Shutdown initiated... : close : 
2025-01-02 23:12:32,928 : com.zaxxer.hikari.HikariDataSource : INFO --> HikariPool-1 - Shutdown completed. : close : 
2025-01-03 18:46:29,858 : org.api.emailverfication.EmailVerficationApplication : INFO --> Starting EmailVerficationApplication using Java 23.0.1 with PID 13904 (D:\Github_projects\EmailVerfication\target\classes started by yogeshjoga in D:\Github_projects\EmailVerfication) : logStarting : 
2025-01-03 18:46:29,860 : org.api.emailverfication.EmailVerficationApplication : INFO --> No active profile set, falling back to 1 default profile: "default" : logStartupProfileInfo : 
2025-01-03 18:46:29,887 : org.springframework.boot.devtools.env.DevToolsPropertyDefaultsPostProcessor : INFO --> Devtools property defaults active! Set 'spring.devtools.add-properties' to 'false' to disable : logTo : 
2025-01-03 18:46:29,888 : org.springframework.boot.devtools.env.DevToolsPropertyDefaultsPostProcessor : INFO --> For additional web related logging consider setting the 'logging.level.web' property to 'DEBUG' : logTo : 
2025-01-03 18:46:30,232 : org.springframework.data.repository.config.RepositoryConfigurationDelegate : INFO --> Bootstrapping Spring Data JPA repositories in DEFAULT mode. : registerRepositoriesIn : 
2025-01-03 18:46:30,262 : org.springframework.data.repository.config.RepositoryConfigurationDelegate : INFO --> Finished Spring Data repository scanning in 25 ms. Found 2 JPA repository interfaces. : registerRepositoriesIn : 
2025-01-03 18:46:30,502 : org.springframework.boot.web.embedded.tomcat.TomcatWebServer : INFO --> Tomcat initialized with port 8080 (http) : initialize : 
2025-01-03 18:46:30,509 : org.apache.catalina.core.StandardService : INFO --> Starting service [Tomcat] : log : 
2025-01-03 18:46:30,509 : org.apache.catalina.core.StandardEngine : INFO --> Starting Servlet engine: [Apache Tomcat/10.1.33] : log : 
2025-01-03 18:46:30,533 : org.apache.catalina.core.ContainerBase.[Tomcat].[localhost].[/] : INFO --> Initializing Spring embedded WebApplicationContext : log : 
2025-01-03 18:46:30,534 : org.springframework.boot.web.servlet.context.ServletWebServerApplicationContext : INFO --> Root WebApplicationContext: initialization completed in 646 ms : prepareWebApplicationContext : 
2025-01-03 18:46:30,599 : org.hibernate.jpa.internal.util.LogHelper : INFO --> HHH000204: Processing PersistenceUnitInfo [name: default] : logPersistenceUnitInformation : 
2025-01-03 18:46:30,622 : org.hibernate.Version : INFO --> HHH000412: Hibernate ORM core version 6.6.2.Final : logVersion : 
2025-01-03 18:46:30,639 : org.hibernate.cache.internal.RegionFactoryInitiator : INFO --> HHH000026: Second-level cache disabled : initiateService : 
2025-01-03 18:46:30,770 : org.springframework.orm.jpa.persistenceunit.SpringPersistenceUnitInfo : INFO --> No LoadTimeWeaver setup: ignoring JPA class transformer : addTransformer : 
2025-01-03 18:46:30,784 : com.zaxxer.hikari.HikariDataSource : INFO --> HikariPool-1 - Starting... : getConnection : 
2025-01-03 18:46:30,957 : com.zaxxer.hikari.pool.HikariPool : INFO --> HikariPool-1 - Added connection com.mysql.cj.jdbc.ConnectionImpl@e126786 : checkFailFast : 
2025-01-03 18:46:30,957 : com.zaxxer.hikari.HikariDataSource : INFO --> HikariPool-1 - Start completed. : getConnection : 
2025-01-03 18:46:31,002 : org.hibernate.orm.connections.pooling : INFO --> HHH10001005: Database info:
	Database JDBC URL [Connecting through datasource 'HikariDataSource (HikariPool-1)']
	Database driver: undefined/unknown
	Database version: 8.0.40
	Autocommit mode: undefined/unknown
	Isolation level: undefined/unknown
	Minimum pool size: undefined/unknown
	Maximum pool size: undefined/unknown : initiateService : 
2025-01-03 18:46:31,409 : org.hibernate.engine.transaction.jta.platform.internal.JtaPlatformInitiator : INFO --> HHH000489: No JTA platform available (set 'hibernate.transaction.jta.platform' to enable JTA platform integration) : initiateService : 
2025-01-03 18:46:31,431 : org.springframework.orm.jpa.LocalContainerEntityManagerFactoryBean : INFO --> Initialized JPA EntityManagerFactory for persistence unit 'default' : buildNativeEntityManagerFactory : 
2025-01-03 18:46:31,551 : org.springframework.data.jpa.repository.query.QueryEnhancerFactory : INFO --> Hibernate is in classpath; If applicable, HQL parser will be used. : <clinit> : 
2025-01-03 18:46:31,767 : org.api.emailverfication.config.MailConfig : INFO --> ------------------------ Creating JavaMailSender --------------------------------- : getJavaMailSender : 
2025-01-03 18:46:31,774 : org.api.emailverfication.config.MailConfig : INFO --> ------------------------ Creating mail sender properties  --------------------------------- : getJavaMailSender : 
2025-01-03 18:46:31,897 : org.springframework.boot.autoconfigure.orm.jpa.JpaBaseConfiguration$JpaWebConfiguration : WARN --> spring.jpa.open-in-view is enabled by default. Therefore, database queries may be performed during view rendering. Explicitly configure spring.jpa.open-in-view to disable this warning : openEntityManagerInViewInterceptor : 
2025-01-03 18:46:32,100 : org.springframework.boot.devtools.autoconfigure.OptionalLiveReloadServer : INFO --> LiveReload server is running on port 35729 : startServer : 
2025-01-03 18:46:32,118 : org.springframework.boot.web.embedded.tomcat.TomcatWebServer : INFO --> Tomcat started on port 8080 (http) with context path '/' : start : 
2025-01-03 18:46:32,123 : org.api.emailverfication.EmailVerficationApplication : INFO --> Started EmailVerficationApplication in 2.46 seconds (process running for 2.876) : logStarted : 
2025-01-03 18:46:41,613 : org.apache.catalina.core.ContainerBase.[Tomcat].[localhost].[/] : INFO --> Initializing Spring DispatcherServlet 'dispatcherServlet' : log : 
2025-01-03 18:46:41,613 : org.springframework.web.servlet.DispatcherServlet : INFO --> Initializing Servlet 'dispatcherServlet' : initServletBean : 
2025-01-03 18:46:41,614 : org.springframework.web.servlet.DispatcherServlet : INFO --> Completed initialization in 1 ms : initServletBean : 
2025-01-03 18:46:41,956 : org.apache.catalina.core.ContainerBase.[Tomcat].[localhost].[/].[dispatcherServlet] : ERROR --> Servlet.service() for servlet [dispatcherServlet] in context with path [] threw exception [Handler dispatch failed: java.lang.NoSuchMethodError: 'void org.springframework.web.method.ControllerAdviceBean.<init>(java.lang.Object)'] with root cause : log : 
java.lang.NoSuchMethodError: 'void org.springframework.web.method.ControllerAdviceBean.<init>(java.lang.Object)'
	at org.springdoc.core.service.GenericResponseService.lambda$getGenericMapResponse$8(GenericResponseService.java:700)
	at java.base/java.util.stream.ReferencePipeline$2$1.accept(ReferencePipeline.java:196)
	at java.base/java.util.Spliterators$ArraySpliterator.forEachRemaining(Spliterators.java:1024)
	at java.base/java.util.stream.AbstractPipeline.copyInto(AbstractPipeline.java:570)
	at java.base/java.util.stream.AbstractPipeline.wrapAndCopyInto(AbstractPipeline.java:560)
	at java.base/java.util.stream.AbstractPipeline.evaluate(AbstractPipeline.java:636)
	at java.base/java.util.stream.AbstractPipeline.evaluateToArrayNode(AbstractPipeline.java:291)
	at java.base/java.util.stream.ReferencePipeline.toArray(ReferencePipeline.java:656)
	at java.base/java.util.stream.ReferencePipeline.toArray(ReferencePipeline.java:662)
	at java.base/java.util.stream.ReferencePipeline.toList(ReferencePipeline.java:667)
	at org.springdoc.core.service.GenericResponseService.getGenericMapResponse(GenericResponseService.java:702)
	at org.springdoc.core.service.GenericResponseService.build(GenericResponseService.java:245)
	at org.springdoc.api.AbstractOpenApiResource.calculatePath(AbstractOpenApiResource.java:496)
	at org.springdoc.api.AbstractOpenApiResource.calculatePath(AbstractOpenApiResource.java:673)
	at org.springdoc.webmvc.api.OpenApiResource.lambda$calculatePath$11(OpenApiResource.java:219)
	at java.base/java.util.Optional.ifPresent(Optional.java:178)
	at org.springdoc.webmvc.api.OpenApiResource.calculatePath(OpenApiResource.java:200)
	at org.springdoc.webmvc.api.OpenApiResource.lambda$getPaths$2(OpenApiResource.java:170)
	at java.base/java.util.Optional.ifPresent(Optional.java:178)
	at org.springdoc.webmvc.api.OpenApiResource.getPaths(OpenApiResource.java:149)
	at org.springdoc.api.AbstractOpenApiResource.getOpenApi(AbstractOpenApiResource.java:350)
	at org.springdoc.webmvc.api.OpenApiResource.openapiJson(OpenApiResource.java:124)
	at org.springdoc.webmvc.api.OpenApiWebMvcResource.openapiJson(OpenApiWebMvcResource.java:111)
	at java.base/jdk.internal.reflect.DirectMethodHandleAccessor.invoke(DirectMethodHandleAccessor.java:103)
	at java.base/java.lang.reflect.Method.invoke(Method.java:580)
	at org.springframework.web.method.support.InvocableHandlerMethod.doInvoke(InvocableHandlerMethod.java:255)
	at org.springframework.web.method.support.InvocableHandlerMethod.invokeForRequest(InvocableHandlerMethod.java:188)
	at org.springframework.web.servlet.mvc.method.annotation.ServletInvocableHandlerMethod.invokeAndHandle(ServletInvocableHandlerMethod.java:118)
	at org.springframework.web.servlet.mvc.method.annotation.RequestMappingHandlerAdapter.invokeHandlerMethod(RequestMappingHandlerAdapter.java:986)
	at org.springframework.web.servlet.mvc.method.annotation.RequestMappingHandlerAdapter.handleInternal(RequestMappingHandlerAdapter.java:891)
	at org.springframework.web.servlet.mvc.method.AbstractHandlerMethodAdapter.handle(AbstractHandlerMethodAdapter.java:87)
	at org.springframework.web.servlet.DispatcherServlet.doDispatch(DispatcherServlet.java:1088)
	at org.springframework.web.servlet.DispatcherServlet.doService(DispatcherServlet.java:978)
	at org.springframework.web.servlet.FrameworkServlet.processRequest(FrameworkServlet.java:1014)
	at org.springframework.web.servlet.FrameworkServlet.doGet(FrameworkServlet.java:903)
	at jakarta.servlet.http.HttpServlet.service(HttpServlet.java:564)
	at org.springframework.web.servlet.FrameworkServlet.service(FrameworkServlet.java:885)
	at jakarta.servlet.http.HttpServlet.service(HttpServlet.java:658)
	at org.apache.catalina.core.ApplicationFilterChain.internalDoFilter(ApplicationFilterChain.java:195)
	at org.apache.catalina.core.ApplicationFilterChain.doFilter(ApplicationFilterChain.java:140)
	at org.apache.tomcat.websocket.server.WsFilter.doFilter(WsFilter.java:51)
	at org.apache.catalina.core.ApplicationFilterChain.internalDoFilter(ApplicationFilterChain.java:164)
	at org.apache.catalina.core.ApplicationFilterChain.doFilter(ApplicationFilterChain.java:140)
	at org.springframework.web.filter.RequestContextFilter.doFilterInternal(RequestContextFilter.java:100)
	at org.springframework.web.filter.OncePerRequestFilter.doFilter(OncePerRequestFilter.java:116)
	at org.apache.catalina.core.ApplicationFilterChain.internalDoFilter(ApplicationFilterChain.java:164)
	at org.apache.catalina.core.ApplicationFilterChain.doFilter(ApplicationFilterChain.java:140)
	at org.springframework.web.filter.FormContentFilter.doFilterInternal(FormContentFilter.java:93)
	at org.springframework.web.filter.OncePerRequestFilter.doFilter(OncePerRequestFilter.java:116)
	at org.apache.catalina.core.ApplicationFilterChain.internalDoFilter(ApplicationFilterChain.java:164)
	at org.apache.catalina.core.ApplicationFilterChain.doFilter(ApplicationFilterChain.java:140)
	at org.springframework.web.filter.CharacterEncodingFilter.doFilterInternal(CharacterEncodingFilter.java:201)
	at org.springframework.web.filter.OncePerRequestFilter.doFilter(OncePerRequestFilter.java:116)
	at org.apache.catalina.core.ApplicationFilterChain.internalDoFilter(ApplicationFilterChain.java:164)
	at org.apache.catalina.core.ApplicationFilterChain.doFilter(ApplicationFilterChain.java:140)
	at org.apache.catalina.core.StandardWrapperValve.invoke(StandardWrapperValve.java:167)
	at org.apache.catalina.core.StandardContextValve.invoke(StandardContextValve.java:90)
	at org.apache.catalina.authenticator.AuthenticatorBase.invoke(AuthenticatorBase.java:483)
	at org.apache.catalina.core.StandardHostValve.invoke(StandardHostValve.java:115)
	at org.apache.catalina.valves.ErrorReportValve.invoke(ErrorReportValve.java:93)
	at org.apache.catalina.core.StandardEngineValve.invoke(StandardEngineValve.java:74)
	at org.apache.catalina.connector.CoyoteAdapter.service(CoyoteAdapter.java:344)
	at org.apache.coyote.http11.Http11Processor.service(Http11Processor.java:397)
	at org.apache.coyote.AbstractProcessorLight.process(AbstractProcessorLight.java:63)
	at org.apache.coyote.AbstractProtocol$ConnectionHandler.process(AbstractProtocol.java:905)
	at org.apache.tomcat.util.net.NioEndpoint$SocketProcessor.doRun(NioEndpoint.java:1741)
	at org.apache.tomcat.util.net.SocketProcessorBase.run(SocketProcessorBase.java:52)
	at org.apache.tomcat.util.threads.ThreadPoolExecutor.runWorker(ThreadPoolExecutor.java:1190)
	at org.apache.tomcat.util.threads.ThreadPoolExecutor$Worker.run(ThreadPoolExecutor.java:659)
	at org.apache.tomcat.util.threads.TaskThread$WrappingRunnable.run(TaskThread.java:63)
	at java.base/java.lang.Thread.run(Thread.java:1575)
2025-01-03 18:47:12,614 : org.springframework.boot.web.embedded.tomcat.GracefulShutdown : INFO --> Commencing graceful shutdown. Waiting for active requests to complete : shutDownGracefully : 
2025-01-03 18:47:12,618 : org.springframework.boot.web.embedded.tomcat.GracefulShutdown : INFO --> Graceful shutdown complete : doShutdown : 
2025-01-03 18:47:12,620 : org.springframework.orm.jpa.LocalContainerEntityManagerFactoryBean : INFO --> Closing JPA EntityManagerFactory for persistence unit 'default' : destroy : 
2025-01-03 18:47:12,622 : com.zaxxer.hikari.HikariDataSource : INFO --> HikariPool-1 - Shutdown initiated... : close : 
2025-01-03 18:47:12,624 : com.zaxxer.hikari.HikariDataSource : INFO --> HikariPool-1 - Shutdown completed. : close : 
2025-01-03 18:48:37,875 : org.api.emailverfication.EmailVerficationApplication : INFO --> Starting EmailVerficationApplication using Java 23.0.1 with PID 11744 (D:\Github_projects\EmailVerfication\target\classes started by yogeshjoga in D:\Github_projects\EmailVerfication) : logStarting : 
2025-01-03 18:48:37,876 : org.api.emailverfication.EmailVerficationApplication : INFO --> No active profile set, falling back to 1 default profile: "default" : logStartupProfileInfo : 
2025-01-03 18:48:37,902 : org.springframework.boot.devtools.env.DevToolsPropertyDefaultsPostProcessor : INFO --> Devtools property defaults active! Set 'spring.devtools.add-properties' to 'false' to disable : logTo : 
2025-01-03 18:48:37,902 : org.springframework.boot.devtools.env.DevToolsPropertyDefaultsPostProcessor : INFO --> For additional web related logging consider setting the 'logging.level.web' property to 'DEBUG' : logTo : 
2025-01-03 18:48:38,247 : org.springframework.data.repository.config.RepositoryConfigurationDelegate : INFO --> Bootstrapping Spring Data JPA repositories in DEFAULT mode. : registerRepositoriesIn : 
2025-01-03 18:48:38,276 : org.springframework.data.repository.config.RepositoryConfigurationDelegate : INFO --> Finished Spring Data repository scanning in 24 ms. Found 2 JPA repository interfaces. : registerRepositoriesIn : 
2025-01-03 18:48:38,510 : org.springframework.boot.web.embedded.tomcat.TomcatWebServer : INFO --> Tomcat initialized with port 8080 (http) : initialize : 
2025-01-03 18:48:38,516 : org.apache.catalina.core.StandardService : INFO --> Starting service [Tomcat] : log : 
2025-01-03 18:48:38,517 : org.apache.catalina.core.StandardEngine : INFO --> Starting Servlet engine: [Apache Tomcat/10.1.33] : log : 
2025-01-03 18:48:38,540 : org.apache.catalina.core.ContainerBase.[Tomcat].[localhost].[/] : INFO --> Initializing Spring embedded WebApplicationContext : log : 
2025-01-03 18:48:38,541 : org.springframework.boot.web.servlet.context.ServletWebServerApplicationContext : INFO --> Root WebApplicationContext: initialization completed in 639 ms : prepareWebApplicationContext : 
2025-01-03 18:48:38,608 : org.hibernate.jpa.internal.util.LogHelper : INFO --> HHH000204: Processing PersistenceUnitInfo [name: default] : logPersistenceUnitInformation : 
2025-01-03 18:48:38,631 : org.hibernate.Version : INFO --> HHH000412: Hibernate ORM core version 6.6.2.Final : logVersion : 
2025-01-03 18:48:38,646 : org.hibernate.cache.internal.RegionFactoryInitiator : INFO --> HHH000026: Second-level cache disabled : initiateService : 
2025-01-03 18:48:38,777 : org.springframework.orm.jpa.persistenceunit.SpringPersistenceUnitInfo : INFO --> No LoadTimeWeaver setup: ignoring JPA class transformer : addTransformer : 
2025-01-03 18:48:38,792 : com.zaxxer.hikari.HikariDataSource : INFO --> HikariPool-1 - Starting... : getConnection : 
2025-01-03 18:48:38,960 : com.zaxxer.hikari.pool.HikariPool : INFO --> HikariPool-1 - Added connection com.mysql.cj.jdbc.ConnectionImpl@238f1464 : checkFailFast : 
2025-01-03 18:48:38,961 : com.zaxxer.hikari.HikariDataSource : INFO --> HikariPool-1 - Start completed. : getConnection : 
2025-01-03 18:48:39,000 : org.hibernate.orm.connections.pooling : INFO --> HHH10001005: Database info:
	Database JDBC URL [Connecting through datasource 'HikariDataSource (HikariPool-1)']
	Database driver: undefined/unknown
	Database version: 8.0.40
	Autocommit mode: undefined/unknown
	Isolation level: undefined/unknown
	Minimum pool size: undefined/unknown
	Maximum pool size: undefined/unknown : initiateService : 
2025-01-03 18:48:39,381 : org.hibernate.engine.transaction.jta.platform.internal.JtaPlatformInitiator : INFO --> HHH000489: No JTA platform available (set 'hibernate.transaction.jta.platform' to enable JTA platform integration) : initiateService : 
2025-01-03 18:48:39,406 : org.springframework.orm.jpa.LocalContainerEntityManagerFactoryBean : INFO --> Initialized JPA EntityManagerFactory for persistence unit 'default' : buildNativeEntityManagerFactory : 
2025-01-03 18:48:39,542 : org.springframework.data.jpa.repository.query.QueryEnhancerFactory : INFO --> Hibernate is in classpath; If applicable, HQL parser will be used. : <clinit> : 
2025-01-03 18:48:39,747 : org.api.emailverfication.config.MailConfig : INFO --> ------------------------ Creating JavaMailSender --------------------------------- : getJavaMailSender : 
2025-01-03 18:48:39,752 : org.api.emailverfication.config.MailConfig : INFO --> ------------------------ Creating mail sender properties  --------------------------------- : getJavaMailSender : 
2025-01-03 18:48:39,858 : org.springframework.boot.autoconfigure.orm.jpa.JpaBaseConfiguration$JpaWebConfiguration : WARN --> spring.jpa.open-in-view is enabled by default. Therefore, database queries may be performed during view rendering. Explicitly configure spring.jpa.open-in-view to disable this warning : openEntityManagerInViewInterceptor : 
2025-01-03 18:48:40,056 : org.springframework.boot.devtools.autoconfigure.OptionalLiveReloadServer : INFO --> LiveReload server is running on port 35729 : startServer : 
2025-01-03 18:48:40,074 : org.springframework.boot.web.embedded.tomcat.TomcatWebServer : INFO --> Tomcat started on port 8080 (http) with context path '/' : start : 
2025-01-03 18:48:40,079 : org.api.emailverfication.EmailVerficationApplication : INFO --> Started EmailVerficationApplication in 2.4 seconds (process running for 2.761) : logStarted : 
2025-01-03 18:48:43,486 : org.springframework.boot.devtools.autoconfigure.LocalDevToolsAutoConfiguration$RestartingClassPathChangeChangedEventListener : INFO --> Restarting due to 1 class path change (0 additions, 0 deletions, 1 modification) : onApplicationEvent : 
2025-01-03 18:48:43,488 : org.springframework.boot.web.embedded.tomcat.GracefulShutdown : INFO --> Commencing graceful shutdown. Waiting for active requests to complete : shutDownGracefully : 
2025-01-03 18:48:43,491 : org.springframework.boot.web.embedded.tomcat.GracefulShutdown : INFO --> Graceful shutdown complete : doShutdown : 
2025-01-03 18:48:43,493 : org.springframework.orm.jpa.LocalContainerEntityManagerFactoryBean : INFO --> Closing JPA EntityManagerFactory for persistence unit 'default' : destroy : 
2025-01-03 18:48:43,495 : com.zaxxer.hikari.HikariDataSource : INFO --> HikariPool-1 - Shutdown initiated... : close : 
2025-01-03 18:48:43,498 : com.zaxxer.hikari.HikariDataSource : INFO --> HikariPool-1 - Shutdown completed. : close : 
2025-01-03 18:48:43,547 : org.api.emailverfication.EmailVerficationApplication : INFO --> Starting EmailVerficationApplication using Java 23.0.1 with PID 11744 (D:\Github_projects\EmailVerfication\target\classes started by yogeshjoga in D:\Github_projects\EmailVerfication) : logStarting : 
2025-01-03 18:48:43,547 : org.api.emailverfication.EmailVerficationApplication : INFO --> No active profile set, falling back to 1 default profile: "default" : logStartupProfileInfo : 
2025-01-03 18:48:43,650 : org.springframework.data.repository.config.RepositoryConfigurationDelegate : INFO --> Bootstrapping Spring Data JPA repositories in DEFAULT mode. : registerRepositoriesIn : 
2025-01-03 18:48:43,659 : org.springframework.data.repository.config.RepositoryConfigurationDelegate : INFO --> Finished Spring Data repository scanning in 8 ms. Found 2 JPA repository interfaces. : registerRepositoriesIn : 
2025-01-03 18:48:43,700 : org.springframework.boot.web.embedded.tomcat.TomcatWebServer : INFO --> Tomcat initialized with port 8080 (http) : initialize : 
2025-01-03 18:48:43,701 : org.apache.catalina.core.StandardService : INFO --> Starting service [Tomcat] : log : 
2025-01-03 18:48:43,701 : org.apache.catalina.core.StandardEngine : INFO --> Starting Servlet engine: [Apache Tomcat/10.1.33] : log : 
2025-01-03 18:48:43,710 : org.apache.catalina.core.ContainerBase.[Tomcat].[localhost].[/] : INFO --> Initializing Spring embedded WebApplicationContext : log : 
2025-01-03 18:48:43,710 : org.springframework.boot.web.servlet.context.ServletWebServerApplicationContext : INFO --> Root WebApplicationContext: initialization completed in 162 ms : prepareWebApplicationContext : 
2025-01-03 18:48:43,726 : org.hibernate.jpa.internal.util.LogHelper : INFO --> HHH000204: Processing PersistenceUnitInfo [name: default] : logPersistenceUnitInformation : 
2025-01-03 18:48:43,727 : org.hibernate.cache.internal.RegionFactoryInitiator : INFO --> HHH000026: Second-level cache disabled : initiateService : 
2025-01-03 18:48:43,731 : org.springframework.orm.jpa.persistenceunit.SpringPersistenceUnitInfo : INFO --> No LoadTimeWeaver setup: ignoring JPA class transformer : addTransformer : 
2025-01-03 18:48:43,732 : com.zaxxer.hikari.HikariDataSource : INFO --> HikariPool-2 - Starting... : getConnection : 
2025-01-03 18:48:43,740 : com.zaxxer.hikari.pool.HikariPool : INFO --> HikariPool-2 - Added connection com.mysql.cj.jdbc.ConnectionImpl@2c73d01b : checkFailFast : 
2025-01-03 18:48:43,740 : com.zaxxer.hikari.HikariDataSource : INFO --> HikariPool-2 - Start completed. : getConnection : 
2025-01-03 18:48:43,741 : org.hibernate.orm.connections.pooling : INFO --> HHH10001005: Database info:
	Database JDBC URL [Connecting through datasource 'HikariDataSource (HikariPool-2)']
	Database driver: undefined/unknown
	Database version: 8.0.40
	Autocommit mode: undefined/unknown
	Isolation level: undefined/unknown
	Minimum pool size: undefined/unknown
	Maximum pool size: undefined/unknown : initiateService : 
2025-01-03 18:48:43,767 : org.hibernate.engine.transaction.jta.platform.internal.JtaPlatformInitiator : INFO --> HHH000489: No JTA platform available (set 'hibernate.transaction.jta.platform' to enable JTA platform integration) : initiateService : 
2025-01-03 18:48:43,771 : org.springframework.orm.jpa.LocalContainerEntityManagerFactoryBean : INFO --> Initialized JPA EntityManagerFactory for persistence unit 'default' : buildNativeEntityManagerFactory : 
2025-01-03 18:48:43,796 : org.api.emailverfication.config.MailConfig : INFO --> ------------------------ Creating JavaMailSender --------------------------------- : getJavaMailSender : 
2025-01-03 18:48:43,798 : org.api.emailverfication.config.MailConfig : INFO --> ------------------------ Creating mail sender properties  --------------------------------- : getJavaMailSender : 
2025-01-03 18:48:43,822 : org.springframework.boot.autoconfigure.orm.jpa.JpaBaseConfiguration$JpaWebConfiguration : WARN --> spring.jpa.open-in-view is enabled by default. Therefore, database queries may be performed during view rendering. Explicitly configure spring.jpa.open-in-view to disable this warning : openEntityManagerInViewInterceptor : 
2025-01-03 18:48:43,872 : org.springframework.boot.devtools.autoconfigure.OptionalLiveReloadServer : INFO --> LiveReload server is running on port 35729 : startServer : 
2025-01-03 18:48:43,878 : org.springframework.boot.web.embedded.tomcat.TomcatWebServer : INFO --> Tomcat started on port 8080 (http) with context path '/' : start : 
2025-01-03 18:48:43,880 : org.api.emailverfication.EmailVerficationApplication : INFO --> Started EmailVerficationApplication in 0.344 seconds (process running for 6.562) : logStarted : 
2025-01-03 18:48:43,881 : org.springframework.boot.devtools.autoconfigure.ConditionEvaluationDeltaLoggingListener : INFO --> Condition evaluation unchanged : onApplicationEvent : 
2025-01-03 18:48:44,517 : org.apache.catalina.core.ContainerBase.[Tomcat].[localhost].[/] : INFO --> Initializing Spring DispatcherServlet 'dispatcherServlet' : log : 
2025-01-03 18:48:44,518 : org.springframework.web.servlet.DispatcherServlet : INFO --> Initializing Servlet 'dispatcherServlet' : initServletBean : 
2025-01-03 18:48:44,518 : org.springframework.web.servlet.DispatcherServlet : INFO --> Completed initialization in 0 ms : initServletBean : 
2025-01-03 18:48:44,930 : org.apache.catalina.core.ContainerBase.[Tomcat].[localhost].[/].[dispatcherServlet] : ERROR --> Servlet.service() for servlet [dispatcherServlet] in context with path [] threw exception [Handler dispatch failed: java.lang.NoSuchMethodError: 'void org.springframework.web.method.ControllerAdviceBean.<init>(java.lang.Object)'] with root cause : log : 
java.lang.NoSuchMethodError: 'void org.springframework.web.method.ControllerAdviceBean.<init>(java.lang.Object)'
	at org.springdoc.core.service.GenericResponseService.lambda$getGenericMapResponse$8(GenericResponseService.java:706) ~[springdoc-openapi-starter-common-2.6.0.jar:2.6.0]
	at java.base/java.util.stream.ReferencePipeline$2$1.accept(ReferencePipeline.java:196) ~[na:na]
	at java.base/java.util.Spliterators$ArraySpliterator.forEachRemaining(Spliterators.java:1024) ~[na:na]
	at java.base/java.util.stream.AbstractPipeline.copyInto(AbstractPipeline.java:570) ~[na:na]
	at java.base/java.util.stream.AbstractPipeline.wrapAndCopyInto(AbstractPipeline.java:560) ~[na:na]
	at java.base/java.util.stream.AbstractPipeline.evaluate(AbstractPipeline.java:636) ~[na:na]
	at java.base/java.util.stream.AbstractPipeline.evaluateToArrayNode(AbstractPipeline.java:291) ~[na:na]
	at java.base/java.util.stream.ReferencePipeline.toArray(ReferencePipeline.java:656) ~[na:na]
	at java.base/java.util.stream.ReferencePipeline.toArray(ReferencePipeline.java:662) ~[na:na]
	at java.base/java.util.stream.ReferencePipeline.toList(ReferencePipeline.java:667) ~[na:na]
	at org.springdoc.core.service.GenericResponseService.getGenericMapResponse(GenericResponseService.java:708) ~[springdoc-openapi-starter-common-2.6.0.jar:2.6.0]
	at org.springdoc.core.service.GenericResponseService.build(GenericResponseService.java:247) ~[springdoc-openapi-starter-common-2.6.0.jar:2.6.0]
	at org.springdoc.api.AbstractOpenApiResource.calculatePath(AbstractOpenApiResource.java:499) ~[springdoc-openapi-starter-common-2.6.0.jar:2.6.0]
	at org.springdoc.api.AbstractOpenApiResource.calculatePath(AbstractOpenApiResource.java:676) ~[springdoc-openapi-starter-common-2.6.0.jar:2.6.0]
	at org.springdoc.webmvc.api.OpenApiResource.lambda$calculatePath$11(OpenApiResource.java:220) ~[springdoc-openapi-starter-webmvc-api-2.6.0.jar:2.6.0]
	at java.base/java.util.Optional.ifPresent(Optional.java:178) ~[na:na]
	at org.springdoc.webmvc.api.OpenApiResource.calculatePath(OpenApiResource.java:201) ~[springdoc-openapi-starter-webmvc-api-2.6.0.jar:2.6.0]
	at org.springdoc.webmvc.api.OpenApiResource.lambda$getPaths$2(OpenApiResource.java:171) ~[springdoc-openapi-starter-webmvc-api-2.6.0.jar:2.6.0]
	at java.base/java.util.Optional.ifPresent(Optional.java:178) ~[na:na]
	at org.springdoc.webmvc.api.OpenApiResource.getPaths(OpenApiResource.java:150) ~[springdoc-openapi-starter-webmvc-api-2.6.0.jar:2.6.0]
	at org.springdoc.api.AbstractOpenApiResource.getOpenApi(AbstractOpenApiResource.java:353) ~[springdoc-openapi-starter-common-2.6.0.jar:2.6.0]
	at org.springdoc.webmvc.api.OpenApiResource.openapiJson(OpenApiResource.java:125) ~[springdoc-openapi-starter-webmvc-api-2.6.0.jar:2.6.0]
	at org.springdoc.webmvc.api.OpenApiWebMvcResource.openapiJson(OpenApiWebMvcResource.java:114) ~[springdoc-openapi-starter-webmvc-api-2.6.0.jar:2.6.0]
	at java.base/jdk.internal.reflect.DirectMethodHandleAccessor.invoke(DirectMethodHandleAccessor.java:103) ~[na:na]
	at java.base/java.lang.reflect.Method.invoke(Method.java:580) ~[na:na]
	at org.springframework.web.method.support.InvocableHandlerMethod.doInvoke(InvocableHandlerMethod.java:255) ~[spring-web-6.2.0.jar:6.2.0]
	at org.springframework.web.method.support.InvocableHandlerMethod.invokeForRequest(InvocableHandlerMethod.java:188) ~[spring-web-6.2.0.jar:6.2.0]
	at org.springframework.web.servlet.mvc.method.annotation.ServletInvocableHandlerMethod.invokeAndHandle(ServletInvocableHandlerMethod.java:118) ~[spring-webmvc-6.2.0.jar:6.2.0]
	at org.springframework.web.servlet.mvc.method.annotation.RequestMappingHandlerAdapter.invokeHandlerMethod(RequestMappingHandlerAdapter.java:986) ~[spring-webmvc-6.2.0.jar:6.2.0]
	at org.springframework.web.servlet.mvc.method.annotation.RequestMappingHandlerAdapter.handleInternal(RequestMappingHandlerAdapter.java:891) ~[spring-webmvc-6.2.0.jar:6.2.0]
	at org.springframework.web.servlet.mvc.method.AbstractHandlerMethodAdapter.handle(AbstractHandlerMethodAdapter.java:87) ~[spring-webmvc-6.2.0.jar:6.2.0]
	at org.springframework.web.servlet.DispatcherServlet.doDispatch(DispatcherServlet.java:1088) ~[spring-webmvc-6.2.0.jar:6.2.0]
	at org.springframework.web.servlet.DispatcherServlet.doService(DispatcherServlet.java:978) ~[spring-webmvc-6.2.0.jar:6.2.0]
	at org.springframework.web.servlet.FrameworkServlet.processRequest(FrameworkServlet.java:1014) ~[spring-webmvc-6.2.0.jar:6.2.0]
	at org.springframework.web.servlet.FrameworkServlet.doGet(FrameworkServlet.java:903) ~[spring-webmvc-6.2.0.jar:6.2.0]
	at jakarta.servlet.http.HttpServlet.service(HttpServlet.java:564) ~[tomcat-embed-core-10.1.33.jar:6.0]
	at org.springframework.web.servlet.FrameworkServlet.service(FrameworkServlet.java:885) ~[spring-webmvc-6.2.0.jar:6.2.0]
	at jakarta.servlet.http.HttpServlet.service(HttpServlet.java:658) ~[tomcat-embed-core-10.1.33.jar:6.0]
	at org.apache.catalina.core.ApplicationFilterChain.internalDoFilter(ApplicationFilterChain.java:195) ~[tomcat-embed-core-10.1.33.jar:10.1.33]
	at org.apache.catalina.core.ApplicationFilterChain.doFilter(ApplicationFilterChain.java:140) ~[tomcat-embed-core-10.1.33.jar:10.1.33]
	at org.apache.tomcat.websocket.server.WsFilter.doFilter(WsFilter.java:51) ~[tomcat-embed-websocket-10.1.33.jar:10.1.33]
	at org.apache.catalina.core.ApplicationFilterChain.internalDoFilter(ApplicationFilterChain.java:164) ~[tomcat-embed-core-10.1.33.jar:10.1.33]
	at org.apache.catalina.core.ApplicationFilterChain.doFilter(ApplicationFilterChain.java:140) ~[tomcat-embed-core-10.1.33.jar:10.1.33]
	at org.springframework.web.filter.RequestContextFilter.doFilterInternal(RequestContextFilter.java:100) ~[spring-web-6.2.0.jar:6.2.0]
	at org.springframework.web.filter.OncePerRequestFilter.doFilter(OncePerRequestFilter.java:116) ~[spring-web-6.2.0.jar:6.2.0]
	at org.apache.catalina.core.ApplicationFilterChain.internalDoFilter(ApplicationFilterChain.java:164) ~[tomcat-embed-core-10.1.33.jar:10.1.33]
	at org.apache.catalina.core.ApplicationFilterChain.doFilter(ApplicationFilterChain.java:140) ~[tomcat-embed-core-10.1.33.jar:10.1.33]
	at org.springframework.web.filter.FormContentFilter.doFilterInternal(FormContentFilter.java:93) ~[spring-web-6.2.0.jar:6.2.0]
	at org.springframework.web.filter.OncePerRequestFilter.doFilter(OncePerRequestFilter.java:116) ~[spring-web-6.2.0.jar:6.2.0]
	at org.apache.catalina.core.ApplicationFilterChain.internalDoFilter(ApplicationFilterChain.java:164) ~[tomcat-embed-core-10.1.33.jar:10.1.33]
	at org.apache.catalina.core.ApplicationFilterChain.doFilter(ApplicationFilterChain.java:140) ~[tomcat-embed-core-10.1.33.jar:10.1.33]
	at org.springframework.web.filter.CharacterEncodingFilter.doFilterInternal(CharacterEncodingFilter.java:201) ~[spring-web-6.2.0.jar:6.2.0]
	at org.springframework.web.filter.OncePerRequestFilter.doFilter(OncePerRequestFilter.java:116) ~[spring-web-6.2.0.jar:6.2.0]
	at org.apache.catalina.core.ApplicationFilterChain.internalDoFilter(ApplicationFilterChain.java:164) ~[tomcat-embed-core-10.1.33.jar:10.1.33]
	at org.apache.catalina.core.ApplicationFilterChain.doFilter(ApplicationFilterChain.java:140) ~[tomcat-embed-core-10.1.33.jar:10.1.33]
	at org.apache.catalina.core.StandardWrapperValve.invoke(StandardWrapperValve.java:167) ~[tomcat-embed-core-10.1.33.jar:10.1.33]
	at org.apache.catalina.core.StandardContextValve.invoke(StandardContextValve.java:90) ~[tomcat-embed-core-10.1.33.jar:10.1.33]
	at org.apache.catalina.authenticator.AuthenticatorBase.invoke(AuthenticatorBase.java:483) ~[tomcat-embed-core-10.1.33.jar:10.1.33]
	at org.apache.catalina.core.StandardHostValve.invoke(StandardHostValve.java:115) ~[tomcat-embed-core-10.1.33.jar:10.1.33]
	at org.apache.catalina.valves.ErrorReportValve.invoke(ErrorReportValve.java:93) ~[tomcat-embed-core-10.1.33.jar:10.1.33]
	at org.apache.catalina.core.StandardEngineValve.invoke(StandardEngineValve.java:74) ~[tomcat-embed-core-10.1.33.jar:10.1.33]
	at org.apache.catalina.connector.CoyoteAdapter.service(CoyoteAdapter.java:344) ~[tomcat-embed-core-10.1.33.jar:10.1.33]
	at org.apache.coyote.http11.Http11Processor.service(Http11Processor.java:397) ~[tomcat-embed-core-10.1.33.jar:10.1.33]
	at org.apache.coyote.AbstractProcessorLight.process(AbstractProcessorLight.java:63) ~[tomcat-embed-core-10.1.33.jar:10.1.33]
	at org.apache.coyote.AbstractProtocol$ConnectionHandler.process(AbstractProtocol.java:905) ~[tomcat-embed-core-10.1.33.jar:10.1.33]
	at org.apache.tomcat.util.net.NioEndpoint$SocketProcessor.doRun(NioEndpoint.java:1741) ~[tomcat-embed-core-10.1.33.jar:10.1.33]
	at org.apache.tomcat.util.net.SocketProcessorBase.run(SocketProcessorBase.java:52) ~[tomcat-embed-core-10.1.33.jar:10.1.33]
	at org.apache.tomcat.util.threads.ThreadPoolExecutor.runWorker(ThreadPoolExecutor.java:1190) ~[tomcat-embed-core-10.1.33.jar:10.1.33]
	at org.apache.tomcat.util.threads.ThreadPoolExecutor$Worker.run(ThreadPoolExecutor.java:659) ~[tomcat-embed-core-10.1.33.jar:10.1.33]
	at org.apache.tomcat.util.threads.TaskThread$WrappingRunnable.run(TaskThread.java:63) ~[tomcat-embed-core-10.1.33.jar:10.1.33]
	at java.base/java.lang.Thread.run(Thread.java:1575) ~[na:na]
2025-01-03 18:48:53,296 : org.apache.catalina.core.ContainerBase.[Tomcat].[localhost].[/].[dispatcherServlet] : ERROR --> Servlet.service() for servlet [dispatcherServlet] in context with path [] threw exception [Handler dispatch failed: java.lang.NoSuchMethodError: 'void org.springframework.web.method.ControllerAdviceBean.<init>(java.lang.Object)'] with root cause : log : 
java.lang.NoSuchMethodError: 'void org.springframework.web.method.ControllerAdviceBean.<init>(java.lang.Object)'
	at org.springdoc.core.service.GenericResponseService.lambda$getGenericMapResponse$8(GenericResponseService.java:706) ~[springdoc-openapi-starter-common-2.6.0.jar:2.6.0]
	at java.base/java.util.stream.ReferencePipeline$2$1.accept(ReferencePipeline.java:196) ~[na:na]
	at java.base/java.util.Spliterators$ArraySpliterator.forEachRemaining(Spliterators.java:1024) ~[na:na]
	at java.base/java.util.stream.AbstractPipeline.copyInto(AbstractPipeline.java:570) ~[na:na]
	at java.base/java.util.stream.AbstractPipeline.wrapAndCopyInto(AbstractPipeline.java:560) ~[na:na]
	at java.base/java.util.stream.AbstractPipeline.evaluate(AbstractPipeline.java:636) ~[na:na]
	at java.base/java.util.stream.AbstractPipeline.evaluateToArrayNode(AbstractPipeline.java:291) ~[na:na]
	at java.base/java.util.stream.ReferencePipeline.toArray(ReferencePipeline.java:656) ~[na:na]
	at java.base/java.util.stream.ReferencePipeline.toArray(ReferencePipeline.java:662) ~[na:na]
	at java.base/java.util.stream.ReferencePipeline.toList(ReferencePipeline.java:667) ~[na:na]
	at org.springdoc.core.service.GenericResponseService.getGenericMapResponse(GenericResponseService.java:708) ~[springdoc-openapi-starter-common-2.6.0.jar:2.6.0]
	at org.springdoc.core.service.GenericResponseService.build(GenericResponseService.java:247) ~[springdoc-openapi-starter-common-2.6.0.jar:2.6.0]
	at org.springdoc.api.AbstractOpenApiResource.calculatePath(AbstractOpenApiResource.java:499) ~[springdoc-openapi-starter-common-2.6.0.jar:2.6.0]
	at org.springdoc.api.AbstractOpenApiResource.calculatePath(AbstractOpenApiResource.java:676) ~[springdoc-openapi-starter-common-2.6.0.jar:2.6.0]
	at org.springdoc.webmvc.api.OpenApiResource.lambda$calculatePath$11(OpenApiResource.java:220) ~[springdoc-openapi-starter-webmvc-api-2.6.0.jar:2.6.0]
	at java.base/java.util.Optional.ifPresent(Optional.java:178) ~[na:na]
	at org.springdoc.webmvc.api.OpenApiResource.calculatePath(OpenApiResource.java:201) ~[springdoc-openapi-starter-webmvc-api-2.6.0.jar:2.6.0]
	at org.springdoc.webmvc.api.OpenApiResource.lambda$getPaths$2(OpenApiResource.java:171) ~[springdoc-openapi-starter-webmvc-api-2.6.0.jar:2.6.0]
	at java.base/java.util.Optional.ifPresent(Optional.java:178) ~[na:na]
	at org.springdoc.webmvc.api.OpenApiResource.getPaths(OpenApiResource.java:150) ~[springdoc-openapi-starter-webmvc-api-2.6.0.jar:2.6.0]
	at org.springdoc.api.AbstractOpenApiResource.getOpenApi(AbstractOpenApiResource.java:353) ~[springdoc-openapi-starter-common-2.6.0.jar:2.6.0]
	at org.springdoc.webmvc.api.OpenApiResource.openapiJson(OpenApiResource.java:125) ~[springdoc-openapi-starter-webmvc-api-2.6.0.jar:2.6.0]
	at org.springdoc.webmvc.api.OpenApiWebMvcResource.openapiJson(OpenApiWebMvcResource.java:114) ~[springdoc-openapi-starter-webmvc-api-2.6.0.jar:2.6.0]
	at java.base/jdk.internal.reflect.DirectMethodHandleAccessor.invoke(DirectMethodHandleAccessor.java:103) ~[na:na]
	at java.base/java.lang.reflect.Method.invoke(Method.java:580) ~[na:na]
	at org.springframework.web.method.support.InvocableHandlerMethod.doInvoke(InvocableHandlerMethod.java:255) ~[spring-web-6.2.0.jar:6.2.0]
	at org.springframework.web.method.support.InvocableHandlerMethod.invokeForRequest(InvocableHandlerMethod.java:188) ~[spring-web-6.2.0.jar:6.2.0]
	at org.springframework.web.servlet.mvc.method.annotation.ServletInvocableHandlerMethod.invokeAndHandle(ServletInvocableHandlerMethod.java:118) ~[spring-webmvc-6.2.0.jar:6.2.0]
	at org.springframework.web.servlet.mvc.method.annotation.RequestMappingHandlerAdapter.invokeHandlerMethod(RequestMappingHandlerAdapter.java:986) ~[spring-webmvc-6.2.0.jar:6.2.0]
	at org.springframework.web.servlet.mvc.method.annotation.RequestMappingHandlerAdapter.handleInternal(RequestMappingHandlerAdapter.java:891) ~[spring-webmvc-6.2.0.jar:6.2.0]
	at org.springframework.web.servlet.mvc.method.AbstractHandlerMethodAdapter.handle(AbstractHandlerMethodAdapter.java:87) ~[spring-webmvc-6.2.0.jar:6.2.0]
	at org.springframework.web.servlet.DispatcherServlet.doDispatch(DispatcherServlet.java:1088) ~[spring-webmvc-6.2.0.jar:6.2.0]
	at org.springframework.web.servlet.DispatcherServlet.doService(DispatcherServlet.java:978) ~[spring-webmvc-6.2.0.jar:6.2.0]
	at org.springframework.web.servlet.FrameworkServlet.processRequest(FrameworkServlet.java:1014) ~[spring-webmvc-6.2.0.jar:6.2.0]
	at org.springframework.web.servlet.FrameworkServlet.doGet(FrameworkServlet.java:903) ~[spring-webmvc-6.2.0.jar:6.2.0]
	at jakarta.servlet.http.HttpServlet.service(HttpServlet.java:564) ~[tomcat-embed-core-10.1.33.jar:6.0]
	at org.springframework.web.servlet.FrameworkServlet.service(FrameworkServlet.java:885) ~[spring-webmvc-6.2.0.jar:6.2.0]
	at jakarta.servlet.http.HttpServlet.service(HttpServlet.java:658) ~[tomcat-embed-core-10.1.33.jar:6.0]
	at org.apache.catalina.core.ApplicationFilterChain.internalDoFilter(ApplicationFilterChain.java:195) ~[tomcat-embed-core-10.1.33.jar:10.1.33]
	at org.apache.catalina.core.ApplicationFilterChain.doFilter(ApplicationFilterChain.java:140) ~[tomcat-embed-core-10.1.33.jar:10.1.33]
	at org.apache.tomcat.websocket.server.WsFilter.doFilter(WsFilter.java:51) ~[tomcat-embed-websocket-10.1.33.jar:10.1.33]
	at org.apache.catalina.core.ApplicationFilterChain.internalDoFilter(ApplicationFilterChain.java:164) ~[tomcat-embed-core-10.1.33.jar:10.1.33]
	at org.apache.catalina.core.ApplicationFilterChain.doFilter(ApplicationFilterChain.java:140) ~[tomcat-embed-core-10.1.33.jar:10.1.33]
	at org.springframework.web.filter.RequestContextFilter.doFilterInternal(RequestContextFilter.java:100) ~[spring-web-6.2.0.jar:6.2.0]
	at org.springframework.web.filter.OncePerRequestFilter.doFilter(OncePerRequestFilter.java:116) ~[spring-web-6.2.0.jar:6.2.0]
	at org.apache.catalina.core.ApplicationFilterChain.internalDoFilter(ApplicationFilterChain.java:164) ~[tomcat-embed-core-10.1.33.jar:10.1.33]
	at org.apache.catalina.core.ApplicationFilterChain.doFilter(ApplicationFilterChain.java:140) ~[tomcat-embed-core-10.1.33.jar:10.1.33]
	at org.springframework.web.filter.FormContentFilter.doFilterInternal(FormContentFilter.java:93) ~[spring-web-6.2.0.jar:6.2.0]
	at org.springframework.web.filter.OncePerRequestFilter.doFilter(OncePerRequestFilter.java:116) ~[spring-web-6.2.0.jar:6.2.0]
	at org.apache.catalina.core.ApplicationFilterChain.internalDoFilter(ApplicationFilterChain.java:164) ~[tomcat-embed-core-10.1.33.jar:10.1.33]
	at org.apache.catalina.core.ApplicationFilterChain.doFilter(ApplicationFilterChain.java:140) ~[tomcat-embed-core-10.1.33.jar:10.1.33]
	at org.springframework.web.filter.CharacterEncodingFilter.doFilterInternal(CharacterEncodingFilter.java:201) ~[spring-web-6.2.0.jar:6.2.0]
	at org.springframework.web.filter.OncePerRequestFilter.doFilter(OncePerRequestFilter.java:116) ~[spring-web-6.2.0.jar:6.2.0]
	at org.apache.catalina.core.ApplicationFilterChain.internalDoFilter(ApplicationFilterChain.java:164) ~[tomcat-embed-core-10.1.33.jar:10.1.33]
	at org.apache.catalina.core.ApplicationFilterChain.doFilter(ApplicationFilterChain.java:140) ~[tomcat-embed-core-10.1.33.jar:10.1.33]
	at org.apache.catalina.core.StandardWrapperValve.invoke(StandardWrapperValve.java:167) ~[tomcat-embed-core-10.1.33.jar:10.1.33]
	at org.apache.catalina.core.StandardContextValve.invoke(StandardContextValve.java:90) ~[tomcat-embed-core-10.1.33.jar:10.1.33]
	at org.apache.catalina.authenticator.AuthenticatorBase.invoke(AuthenticatorBase.java:483) ~[tomcat-embed-core-10.1.33.jar:10.1.33]
	at org.apache.catalina.core.StandardHostValve.invoke(StandardHostValve.java:115) ~[tomcat-embed-core-10.1.33.jar:10.1.33]
	at org.apache.catalina.valves.ErrorReportValve.invoke(ErrorReportValve.java:93) ~[tomcat-embed-core-10.1.33.jar:10.1.33]
	at org.apache.catalina.core.StandardEngineValve.invoke(StandardEngineValve.java:74) ~[tomcat-embed-core-10.1.33.jar:10.1.33]
	at org.apache.catalina.connector.CoyoteAdapter.service(CoyoteAdapter.java:344) ~[tomcat-embed-core-10.1.33.jar:10.1.33]
	at org.apache.coyote.http11.Http11Processor.service(Http11Processor.java:397) ~[tomcat-embed-core-10.1.33.jar:10.1.33]
	at org.apache.coyote.AbstractProcessorLight.process(AbstractProcessorLight.java:63) ~[tomcat-embed-core-10.1.33.jar:10.1.33]
	at org.apache.coyote.AbstractProtocol$ConnectionHandler.process(AbstractProtocol.java:905) ~[tomcat-embed-core-10.1.33.jar:10.1.33]
	at org.apache.tomcat.util.net.NioEndpoint$SocketProcessor.doRun(NioEndpoint.java:1741) ~[tomcat-embed-core-10.1.33.jar:10.1.33]
	at org.apache.tomcat.util.net.SocketProcessorBase.run(SocketProcessorBase.java:52) ~[tomcat-embed-core-10.1.33.jar:10.1.33]
	at org.apache.tomcat.util.threads.ThreadPoolExecutor.runWorker(ThreadPoolExecutor.java:1190) ~[tomcat-embed-core-10.1.33.jar:10.1.33]
	at org.apache.tomcat.util.threads.ThreadPoolExecutor$Worker.run(ThreadPoolExecutor.java:659) ~[tomcat-embed-core-10.1.33.jar:10.1.33]
	at org.apache.tomcat.util.threads.TaskThread$WrappingRunnable.run(TaskThread.java:63) ~[tomcat-embed-core-10.1.33.jar:10.1.33]
	at java.base/java.lang.Thread.run(Thread.java:1575) ~[na:na]
2025-01-03 18:49:00,189 : org.apache.catalina.core.ContainerBase.[Tomcat].[localhost].[/].[dispatcherServlet] : ERROR --> Servlet.service() for servlet [dispatcherServlet] in context with path [] threw exception [Handler dispatch failed: java.lang.NoSuchMethodError: 'void org.springframework.web.method.ControllerAdviceBean.<init>(java.lang.Object)'] with root cause : log : 
java.lang.NoSuchMethodError: 'void org.springframework.web.method.ControllerAdviceBean.<init>(java.lang.Object)'
	at org.springdoc.core.service.GenericResponseService.lambda$getGenericMapResponse$8(GenericResponseService.java:706) ~[springdoc-openapi-starter-common-2.6.0.jar:2.6.0]
	at java.base/java.util.stream.ReferencePipeline$2$1.accept(ReferencePipeline.java:196) ~[na:na]
	at java.base/java.util.Spliterators$ArraySpliterator.forEachRemaining(Spliterators.java:1024) ~[na:na]
	at java.base/java.util.stream.AbstractPipeline.copyInto(AbstractPipeline.java:570) ~[na:na]
	at java.base/java.util.stream.AbstractPipeline.wrapAndCopyInto(AbstractPipeline.java:560) ~[na:na]
	at java.base/java.util.stream.AbstractPipeline.evaluate(AbstractPipeline.java:636) ~[na:na]
	at java.base/java.util.stream.AbstractPipeline.evaluateToArrayNode(AbstractPipeline.java:291) ~[na:na]
	at java.base/java.util.stream.ReferencePipeline.toArray(ReferencePipeline.java:656) ~[na:na]
	at java.base/java.util.stream.ReferencePipeline.toArray(ReferencePipeline.java:662) ~[na:na]
	at java.base/java.util.stream.ReferencePipeline.toList(ReferencePipeline.java:667) ~[na:na]
	at org.springdoc.core.service.GenericResponseService.getGenericMapResponse(GenericResponseService.java:708) ~[springdoc-openapi-starter-common-2.6.0.jar:2.6.0]
	at org.springdoc.core.service.GenericResponseService.build(GenericResponseService.java:247) ~[springdoc-openapi-starter-common-2.6.0.jar:2.6.0]
	at org.springdoc.api.AbstractOpenApiResource.calculatePath(AbstractOpenApiResource.java:499) ~[springdoc-openapi-starter-common-2.6.0.jar:2.6.0]
	at org.springdoc.api.AbstractOpenApiResource.calculatePath(AbstractOpenApiResource.java:676) ~[springdoc-openapi-starter-common-2.6.0.jar:2.6.0]
	at org.springdoc.webmvc.api.OpenApiResource.lambda$calculatePath$11(OpenApiResource.java:220) ~[springdoc-openapi-starter-webmvc-api-2.6.0.jar:2.6.0]
	at java.base/java.util.Optional.ifPresent(Optional.java:178) ~[na:na]
	at org.springdoc.webmvc.api.OpenApiResource.calculatePath(OpenApiResource.java:201) ~[springdoc-openapi-starter-webmvc-api-2.6.0.jar:2.6.0]
	at org.springdoc.webmvc.api.OpenApiResource.lambda$getPaths$2(OpenApiResource.java:171) ~[springdoc-openapi-starter-webmvc-api-2.6.0.jar:2.6.0]
	at java.base/java.util.Optional.ifPresent(Optional.java:178) ~[na:na]
	at org.springdoc.webmvc.api.OpenApiResource.getPaths(OpenApiResource.java:150) ~[springdoc-openapi-starter-webmvc-api-2.6.0.jar:2.6.0]
	at org.springdoc.api.AbstractOpenApiResource.getOpenApi(AbstractOpenApiResource.java:353) ~[springdoc-openapi-starter-common-2.6.0.jar:2.6.0]
	at org.springdoc.webmvc.api.OpenApiResource.openapiJson(OpenApiResource.java:125) ~[springdoc-openapi-starter-webmvc-api-2.6.0.jar:2.6.0]
	at org.springdoc.webmvc.api.OpenApiWebMvcResource.openapiJson(OpenApiWebMvcResource.java:114) ~[springdoc-openapi-starter-webmvc-api-2.6.0.jar:2.6.0]
	at java.base/jdk.internal.reflect.DirectMethodHandleAccessor.invoke(DirectMethodHandleAccessor.java:103) ~[na:na]
	at java.base/java.lang.reflect.Method.invoke(Method.java:580) ~[na:na]
	at org.springframework.web.method.support.InvocableHandlerMethod.doInvoke(InvocableHandlerMethod.java:255) ~[spring-web-6.2.0.jar:6.2.0]
	at org.springframework.web.method.support.InvocableHandlerMethod.invokeForRequest(InvocableHandlerMethod.java:188) ~[spring-web-6.2.0.jar:6.2.0]
	at org.springframework.web.servlet.mvc.method.annotation.ServletInvocableHandlerMethod.invokeAndHandle(ServletInvocableHandlerMethod.java:118) ~[spring-webmvc-6.2.0.jar:6.2.0]
	at org.springframework.web.servlet.mvc.method.annotation.RequestMappingHandlerAdapter.invokeHandlerMethod(RequestMappingHandlerAdapter.java:986) ~[spring-webmvc-6.2.0.jar:6.2.0]
	at org.springframework.web.servlet.mvc.method.annotation.RequestMappingHandlerAdapter.handleInternal(RequestMappingHandlerAdapter.java:891) ~[spring-webmvc-6.2.0.jar:6.2.0]
	at org.springframework.web.servlet.mvc.method.AbstractHandlerMethodAdapter.handle(AbstractHandlerMethodAdapter.java:87) ~[spring-webmvc-6.2.0.jar:6.2.0]
	at org.springframework.web.servlet.DispatcherServlet.doDispatch(DispatcherServlet.java:1088) ~[spring-webmvc-6.2.0.jar:6.2.0]
	at org.springframework.web.servlet.DispatcherServlet.doService(DispatcherServlet.java:978) ~[spring-webmvc-6.2.0.jar:6.2.0]
	at org.springframework.web.servlet.FrameworkServlet.processRequest(FrameworkServlet.java:1014) ~[spring-webmvc-6.2.0.jar:6.2.0]
	at org.springframework.web.servlet.FrameworkServlet.doGet(FrameworkServlet.java:903) ~[spring-webmvc-6.2.0.jar:6.2.0]
	at jakarta.servlet.http.HttpServlet.service(HttpServlet.java:564) ~[tomcat-embed-core-10.1.33.jar:6.0]
	at org.springframework.web.servlet.FrameworkServlet.service(FrameworkServlet.java:885) ~[spring-webmvc-6.2.0.jar:6.2.0]
	at jakarta.servlet.http.HttpServlet.service(HttpServlet.java:658) ~[tomcat-embed-core-10.1.33.jar:6.0]
	at org.apache.catalina.core.ApplicationFilterChain.internalDoFilter(ApplicationFilterChain.java:195) ~[tomcat-embed-core-10.1.33.jar:10.1.33]
	at org.apache.catalina.core.ApplicationFilterChain.doFilter(ApplicationFilterChain.java:140) ~[tomcat-embed-core-10.1.33.jar:10.1.33]
	at org.apache.tomcat.websocket.server.WsFilter.doFilter(WsFilter.java:51) ~[tomcat-embed-websocket-10.1.33.jar:10.1.33]
	at org.apache.catalina.core.ApplicationFilterChain.internalDoFilter(ApplicationFilterChain.java:164) ~[tomcat-embed-core-10.1.33.jar:10.1.33]
	at org.apache.catalina.core.ApplicationFilterChain.doFilter(ApplicationFilterChain.java:140) ~[tomcat-embed-core-10.1.33.jar:10.1.33]
	at org.springframework.web.filter.RequestContextFilter.doFilterInternal(RequestContextFilter.java:100) ~[spring-web-6.2.0.jar:6.2.0]
	at org.springframework.web.filter.OncePerRequestFilter.doFilter(OncePerRequestFilter.java:116) ~[spring-web-6.2.0.jar:6.2.0]
	at org.apache.catalina.core.ApplicationFilterChain.internalDoFilter(ApplicationFilterChain.java:164) ~[tomcat-embed-core-10.1.33.jar:10.1.33]
	at org.apache.catalina.core.ApplicationFilterChain.doFilter(ApplicationFilterChain.java:140) ~[tomcat-embed-core-10.1.33.jar:10.1.33]
	at org.springframework.web.filter.FormContentFilter.doFilterInternal(FormContentFilter.java:93) ~[spring-web-6.2.0.jar:6.2.0]
	at org.springframework.web.filter.OncePerRequestFilter.doFilter(OncePerRequestFilter.java:116) ~[spring-web-6.2.0.jar:6.2.0]
	at org.apache.catalina.core.ApplicationFilterChain.internalDoFilter(ApplicationFilterChain.java:164) ~[tomcat-embed-core-10.1.33.jar:10.1.33]
	at org.apache.catalina.core.ApplicationFilterChain.doFilter(ApplicationFilterChain.java:140) ~[tomcat-embed-core-10.1.33.jar:10.1.33]
	at org.springframework.web.filter.CharacterEncodingFilter.doFilterInternal(CharacterEncodingFilter.java:201) ~[spring-web-6.2.0.jar:6.2.0]
	at org.springframework.web.filter.OncePerRequestFilter.doFilter(OncePerRequestFilter.java:116) ~[spring-web-6.2.0.jar:6.2.0]
	at org.apache.catalina.core.ApplicationFilterChain.internalDoFilter(ApplicationFilterChain.java:164) ~[tomcat-embed-core-10.1.33.jar:10.1.33]
	at org.apache.catalina.core.ApplicationFilterChain.doFilter(ApplicationFilterChain.java:140) ~[tomcat-embed-core-10.1.33.jar:10.1.33]
	at org.apache.catalina.core.StandardWrapperValve.invoke(StandardWrapperValve.java:167) ~[tomcat-embed-core-10.1.33.jar:10.1.33]
	at org.apache.catalina.core.StandardContextValve.invoke(StandardContextValve.java:90) ~[tomcat-embed-core-10.1.33.jar:10.1.33]
	at org.apache.catalina.authenticator.AuthenticatorBase.invoke(AuthenticatorBase.java:483) ~[tomcat-embed-core-10.1.33.jar:10.1.33]
	at org.apache.catalina.core.StandardHostValve.invoke(StandardHostValve.java:115) ~[tomcat-embed-core-10.1.33.jar:10.1.33]
	at org.apache.catalina.valves.ErrorReportValve.invoke(ErrorReportValve.java:93) ~[tomcat-embed-core-10.1.33.jar:10.1.33]
	at org.apache.catalina.core.StandardEngineValve.invoke(StandardEngineValve.java:74) ~[tomcat-embed-core-10.1.33.jar:10.1.33]
	at org.apache.catalina.connector.CoyoteAdapter.service(CoyoteAdapter.java:344) ~[tomcat-embed-core-10.1.33.jar:10.1.33]
	at org.apache.coyote.http11.Http11Processor.service(Http11Processor.java:397) ~[tomcat-embed-core-10.1.33.jar:10.1.33]
	at org.apache.coyote.AbstractProcessorLight.process(AbstractProcessorLight.java:63) ~[tomcat-embed-core-10.1.33.jar:10.1.33]
	at org.apache.coyote.AbstractProtocol$ConnectionHandler.process(AbstractProtocol.java:905) ~[tomcat-embed-core-10.1.33.jar:10.1.33]
	at org.apache.tomcat.util.net.NioEndpoint$SocketProcessor.doRun(NioEndpoint.java:1741) ~[tomcat-embed-core-10.1.33.jar:10.1.33]
	at org.apache.tomcat.util.net.SocketProcessorBase.run(SocketProcessorBase.java:52) ~[tomcat-embed-core-10.1.33.jar:10.1.33]
	at org.apache.tomcat.util.threads.ThreadPoolExecutor.runWorker(ThreadPoolExecutor.java:1190) ~[tomcat-embed-core-10.1.33.jar:10.1.33]
	at org.apache.tomcat.util.threads.ThreadPoolExecutor$Worker.run(ThreadPoolExecutor.java:659) ~[tomcat-embed-core-10.1.33.jar:10.1.33]
	at org.apache.tomcat.util.threads.TaskThread$WrappingRunnable.run(TaskThread.java:63) ~[tomcat-embed-core-10.1.33.jar:10.1.33]
	at java.base/java.lang.Thread.run(Thread.java:1575) ~[na:na]
2025-01-03 18:49:00,989 : org.apache.catalina.core.ContainerBase.[Tomcat].[localhost].[/].[dispatcherServlet] : ERROR --> Servlet.service() for servlet [dispatcherServlet] in context with path [] threw exception [Handler dispatch failed: java.lang.NoSuchMethodError: 'void org.springframework.web.method.ControllerAdviceBean.<init>(java.lang.Object)'] with root cause : log : 
java.lang.NoSuchMethodError: 'void org.springframework.web.method.ControllerAdviceBean.<init>(java.lang.Object)'
	at org.springdoc.core.service.GenericResponseService.lambda$getGenericMapResponse$8(GenericResponseService.java:706) ~[springdoc-openapi-starter-common-2.6.0.jar:2.6.0]
	at java.base/java.util.stream.ReferencePipeline$2$1.accept(ReferencePipeline.java:196) ~[na:na]
	at java.base/java.util.Spliterators$ArraySpliterator.forEachRemaining(Spliterators.java:1024) ~[na:na]
	at java.base/java.util.stream.AbstractPipeline.copyInto(AbstractPipeline.java:570) ~[na:na]
	at java.base/java.util.stream.AbstractPipeline.wrapAndCopyInto(AbstractPipeline.java:560) ~[na:na]
	at java.base/java.util.stream.AbstractPipeline.evaluate(AbstractPipeline.java:636) ~[na:na]
	at java.base/java.util.stream.AbstractPipeline.evaluateToArrayNode(AbstractPipeline.java:291) ~[na:na]
	at java.base/java.util.stream.ReferencePipeline.toArray(ReferencePipeline.java:656) ~[na:na]
	at java.base/java.util.stream.ReferencePipeline.toArray(ReferencePipeline.java:662) ~[na:na]
	at java.base/java.util.stream.ReferencePipeline.toList(ReferencePipeline.java:667) ~[na:na]
	at org.springdoc.core.service.GenericResponseService.getGenericMapResponse(GenericResponseService.java:708) ~[springdoc-openapi-starter-common-2.6.0.jar:2.6.0]
	at org.springdoc.core.service.GenericResponseService.build(GenericResponseService.java:247) ~[springdoc-openapi-starter-common-2.6.0.jar:2.6.0]
	at org.springdoc.api.AbstractOpenApiResource.calculatePath(AbstractOpenApiResource.java:499) ~[springdoc-openapi-starter-common-2.6.0.jar:2.6.0]
	at org.springdoc.api.AbstractOpenApiResource.calculatePath(AbstractOpenApiResource.java:676) ~[springdoc-openapi-starter-common-2.6.0.jar:2.6.0]
	at org.springdoc.webmvc.api.OpenApiResource.lambda$calculatePath$11(OpenApiResource.java:220) ~[springdoc-openapi-starter-webmvc-api-2.6.0.jar:2.6.0]
	at java.base/java.util.Optional.ifPresent(Optional.java:178) ~[na:na]
	at org.springdoc.webmvc.api.OpenApiResource.calculatePath(OpenApiResource.java:201) ~[springdoc-openapi-starter-webmvc-api-2.6.0.jar:2.6.0]
	at org.springdoc.webmvc.api.OpenApiResource.lambda$getPaths$2(OpenApiResource.java:171) ~[springdoc-openapi-starter-webmvc-api-2.6.0.jar:2.6.0]
	at java.base/java.util.Optional.ifPresent(Optional.java:178) ~[na:na]
	at org.springdoc.webmvc.api.OpenApiResource.getPaths(OpenApiResource.java:150) ~[springdoc-openapi-starter-webmvc-api-2.6.0.jar:2.6.0]
	at org.springdoc.api.AbstractOpenApiResource.getOpenApi(AbstractOpenApiResource.java:353) ~[springdoc-openapi-starter-common-2.6.0.jar:2.6.0]
	at org.springdoc.webmvc.api.OpenApiResource.openapiJson(OpenApiResource.java:125) ~[springdoc-openapi-starter-webmvc-api-2.6.0.jar:2.6.0]
	at org.springdoc.webmvc.api.OpenApiWebMvcResource.openapiJson(OpenApiWebMvcResource.java:114) ~[springdoc-openapi-starter-webmvc-api-2.6.0.jar:2.6.0]
	at java.base/jdk.internal.reflect.DirectMethodHandleAccessor.invoke(DirectMethodHandleAccessor.java:103) ~[na:na]
	at java.base/java.lang.reflect.Method.invoke(Method.java:580) ~[na:na]
	at org.springframework.web.method.support.InvocableHandlerMethod.doInvoke(InvocableHandlerMethod.java:255) ~[spring-web-6.2.0.jar:6.2.0]
	at org.springframework.web.method.support.InvocableHandlerMethod.invokeForRequest(InvocableHandlerMethod.java:188) ~[spring-web-6.2.0.jar:6.2.0]
	at org.springframework.web.servlet.mvc.method.annotation.ServletInvocableHandlerMethod.invokeAndHandle(ServletInvocableHandlerMethod.java:118) ~[spring-webmvc-6.2.0.jar:6.2.0]
	at org.springframework.web.servlet.mvc.method.annotation.RequestMappingHandlerAdapter.invokeHandlerMethod(RequestMappingHandlerAdapter.java:986) ~[spring-webmvc-6.2.0.jar:6.2.0]
	at org.springframework.web.servlet.mvc.method.annotation.RequestMappingHandlerAdapter.handleInternal(RequestMappingHandlerAdapter.java:891) ~[spring-webmvc-6.2.0.jar:6.2.0]
	at org.springframework.web.servlet.mvc.method.AbstractHandlerMethodAdapter.handle(AbstractHandlerMethodAdapter.java:87) ~[spring-webmvc-6.2.0.jar:6.2.0]
	at org.springframework.web.servlet.DispatcherServlet.doDispatch(DispatcherServlet.java:1088) ~[spring-webmvc-6.2.0.jar:6.2.0]
	at org.springframework.web.servlet.DispatcherServlet.doService(DispatcherServlet.java:978) ~[spring-webmvc-6.2.0.jar:6.2.0]
	at org.springframework.web.servlet.FrameworkServlet.processRequest(FrameworkServlet.java:1014) ~[spring-webmvc-6.2.0.jar:6.2.0]
	at org.springframework.web.servlet.FrameworkServlet.doGet(FrameworkServlet.java:903) ~[spring-webmvc-6.2.0.jar:6.2.0]
	at jakarta.servlet.http.HttpServlet.service(HttpServlet.java:564) ~[tomcat-embed-core-10.1.33.jar:6.0]
	at org.springframework.web.servlet.FrameworkServlet.service(FrameworkServlet.java:885) ~[spring-webmvc-6.2.0.jar:6.2.0]
	at jakarta.servlet.http.HttpServlet.service(HttpServlet.java:658) ~[tomcat-embed-core-10.1.33.jar:6.0]
	at org.apache.catalina.core.ApplicationFilterChain.internalDoFilter(ApplicationFilterChain.java:195) ~[tomcat-embed-core-10.1.33.jar:10.1.33]
	at org.apache.catalina.core.ApplicationFilterChain.doFilter(ApplicationFilterChain.java:140) ~[tomcat-embed-core-10.1.33.jar:10.1.33]
	at org.apache.tomcat.websocket.server.WsFilter.doFilter(WsFilter.java:51) ~[tomcat-embed-websocket-10.1.33.jar:10.1.33]
	at org.apache.catalina.core.ApplicationFilterChain.internalDoFilter(ApplicationFilterChain.java:164) ~[tomcat-embed-core-10.1.33.jar:10.1.33]
	at org.apache.catalina.core.ApplicationFilterChain.doFilter(ApplicationFilterChain.java:140) ~[tomcat-embed-core-10.1.33.jar:10.1.33]
	at org.springframework.web.filter.RequestContextFilter.doFilterInternal(RequestContextFilter.java:100) ~[spring-web-6.2.0.jar:6.2.0]
	at org.springframework.web.filter.OncePerRequestFilter.doFilter(OncePerRequestFilter.java:116) ~[spring-web-6.2.0.jar:6.2.0]
	at org.apache.catalina.core.ApplicationFilterChain.internalDoFilter(ApplicationFilterChain.java:164) ~[tomcat-embed-core-10.1.33.jar:10.1.33]
	at org.apache.catalina.core.ApplicationFilterChain.doFilter(ApplicationFilterChain.java:140) ~[tomcat-embed-core-10.1.33.jar:10.1.33]
	at org.springframework.web.filter.FormContentFilter.doFilterInternal(FormContentFilter.java:93) ~[spring-web-6.2.0.jar:6.2.0]
	at org.springframework.web.filter.OncePerRequestFilter.doFilter(OncePerRequestFilter.java:116) ~[spring-web-6.2.0.jar:6.2.0]
	at org.apache.catalina.core.ApplicationFilterChain.internalDoFilter(ApplicationFilterChain.java:164) ~[tomcat-embed-core-10.1.33.jar:10.1.33]
	at org.apache.catalina.core.ApplicationFilterChain.doFilter(ApplicationFilterChain.java:140) ~[tomcat-embed-core-10.1.33.jar:10.1.33]
	at org.springframework.web.filter.CharacterEncodingFilter.doFilterInternal(CharacterEncodingFilter.java:201) ~[spring-web-6.2.0.jar:6.2.0]
	at org.springframework.web.filter.OncePerRequestFilter.doFilter(OncePerRequestFilter.java:116) ~[spring-web-6.2.0.jar:6.2.0]
	at org.apache.catalina.core.ApplicationFilterChain.internalDoFilter(ApplicationFilterChain.java:164) ~[tomcat-embed-core-10.1.33.jar:10.1.33]
	at org.apache.catalina.core.ApplicationFilterChain.doFilter(ApplicationFilterChain.java:140) ~[tomcat-embed-core-10.1.33.jar:10.1.33]
	at org.apache.catalina.core.StandardWrapperValve.invoke(StandardWrapperValve.java:167) ~[tomcat-embed-core-10.1.33.jar:10.1.33]
	at org.apache.catalina.core.StandardContextValve.invoke(StandardContextValve.java:90) ~[tomcat-embed-core-10.1.33.jar:10.1.33]
	at org.apache.catalina.authenticator.AuthenticatorBase.invoke(AuthenticatorBase.java:483) ~[tomcat-embed-core-10.1.33.jar:10.1.33]
	at org.apache.catalina.core.StandardHostValve.invoke(StandardHostValve.java:115) ~[tomcat-embed-core-10.1.33.jar:10.1.33]
	at org.apache.catalina.valves.ErrorReportValve.invoke(ErrorReportValve.java:93) ~[tomcat-embed-core-10.1.33.jar:10.1.33]
	at org.apache.catalina.core.StandardEngineValve.invoke(StandardEngineValve.java:74) ~[tomcat-embed-core-10.1.33.jar:10.1.33]
	at org.apache.catalina.connector.CoyoteAdapter.service(CoyoteAdapter.java:344) ~[tomcat-embed-core-10.1.33.jar:10.1.33]
	at org.apache.coyote.http11.Http11Processor.service(Http11Processor.java:397) ~[tomcat-embed-core-10.1.33.jar:10.1.33]
	at org.apache.coyote.AbstractProcessorLight.process(AbstractProcessorLight.java:63) ~[tomcat-embed-core-10.1.33.jar:10.1.33]
	at org.apache.coyote.AbstractProtocol$ConnectionHandler.process(AbstractProtocol.java:905) ~[tomcat-embed-core-10.1.33.jar:10.1.33]
	at org.apache.tomcat.util.net.NioEndpoint$SocketProcessor.doRun(NioEndpoint.java:1741) ~[tomcat-embed-core-10.1.33.jar:10.1.33]
	at org.apache.tomcat.util.net.SocketProcessorBase.run(SocketProcessorBase.java:52) ~[tomcat-embed-core-10.1.33.jar:10.1.33]
	at org.apache.tomcat.util.threads.ThreadPoolExecutor.runWorker(ThreadPoolExecutor.java:1190) ~[tomcat-embed-core-10.1.33.jar:10.1.33]
	at org.apache.tomcat.util.threads.ThreadPoolExecutor$Worker.run(ThreadPoolExecutor.java:659) ~[tomcat-embed-core-10.1.33.jar:10.1.33]
	at org.apache.tomcat.util.threads.TaskThread$WrappingRunnable.run(TaskThread.java:63) ~[tomcat-embed-core-10.1.33.jar:10.1.33]
	at java.base/java.lang.Thread.run(Thread.java:1575) ~[na:na]
2025-01-03 18:49:45,123 : org.springframework.boot.web.embedded.tomcat.GracefulShutdown : INFO --> Commencing graceful shutdown. Waiting for active requests to complete : shutDownGracefully : 
2025-01-03 18:49:45,126 : org.springframework.boot.web.embedded.tomcat.GracefulShutdown : INFO --> Graceful shutdown complete : doShutdown : 
2025-01-03 18:49:45,127 : org.springframework.orm.jpa.LocalContainerEntityManagerFactoryBean : INFO --> Closing JPA EntityManagerFactory for persistence unit 'default' : destroy : 
2025-01-03 18:49:45,127 : com.zaxxer.hikari.HikariDataSource : INFO --> HikariPool-2 - Shutdown initiated... : close : 
2025-01-03 18:49:45,129 : com.zaxxer.hikari.HikariDataSource : INFO --> HikariPool-2 - Shutdown completed. : close : 
